INFO: [VRFC 10-2263] Analyzing Verilog file "/home/ICer/xilinx_prj/amba_ahb/amba_ahb.srcs/sources_1/imports/verilog/ahb_arbiter_m2.v" into library xil_defaultlib
INFO: [VRFC 10-311] analyzing module ahb_arbiter_m2
INFO: [VRFC 10-2263] Analyzing Verilog file "/home/ICer/xilinx_prj/amba_ahb/amba_ahb.srcs/sources_1/imports/verilog/ahb_decoder_s3.v" into library xil_defaultlib
INFO: [VRFC 10-311] analyzing module ahb_decoder_s3
INFO: [VRFC 10-2263] Analyzing Verilog file "/home/ICer/xilinx_prj/amba_ahb/amba_ahb.srcs/sources_1/imports/verilog/ahb_default_slave.v" into library xil_defaultlib
INFO: [VRFC 10-311] analyzing module ahb_default_slave
INFO: [VRFC 10-2263] Analyzing Verilog file "/home/ICer/xilinx_prj/amba_ahb/amba_ahb.srcs/sources_1/imports/verilog/ahb_lite_s3.v" into library xil_defaultlib
INFO: [VRFC 10-311] analyzing module ahb_lite_s3
INFO: [VRFC 10-2263] Analyzing Verilog file "/home/ICer/xilinx_prj/amba_ahb/amba_ahb.srcs/sources_1/imports/verilog/ahb_m2s_m2.v" into library xil_defaultlib
INFO: [VRFC 10-311] analyzing module ahb_m2s_m2
INFO: [VRFC 10-2263] Analyzing Verilog file "/home/ICer/xilinx_prj/amba_ahb/amba_ahb.srcs/sources_1/imports/verilog/ahb_s2m_s3.v" into library xil_defaultlib
INFO: [VRFC 10-311] analyzing module ahb_s2m_s3
INFO: [VRFC 10-2263] Analyzing Verilog file "/home/ICer/xilinx_prj/amba_ahb/amba_ahb.srcs/sources_1/imports/verilog/amba_ahb_m2s3.v" into library xil_defaultlib
INFO: [VRFC 10-311] analyzing module amba_ahb_m2s3
INFO: [VRFC 10-2263] Analyzing Verilog file "/home/ICer/xilinx_prj/amba_ahb/amba_ahb.srcs/sim_1/imports/imports/sim/bfm_ahb.v" into library xil_defaultlib
INFO: [VRFC 10-311] analyzing module bfm_ahb
INFO: [VRFC 10-2263] Analyzing Verilog file "/home/ICer/xilinx_prj/amba_ahb/amba_ahb.srcs/sim_1/imports/imports/design/mem_ahb.v" into library xil_defaultlib
INFO: [VRFC 10-311] analyzing module mem_ahb
INFO: [VRFC 10-2263] Analyzing Verilog file "/home/ICer/xilinx_prj/amba_ahb/amba_ahb.srcs/sim_1/imports/amba_ahb/bench/verilog/top.v" into library xil_defaultlib
INFO: [VRFC 10-311] analyzing module top
