INFO: [VRFC 10-2263] Analyzing Verilog file "/home/ICer/xilinx_prj/ahb_to_ahb/ahb_to_ahb.srcs/sources_1/imports/verilog/ahb2ahb.v" into library xil_defaultlib
INFO: [VRFC 10-311] analyzing module ahb2ahb
INFO: [VRFC 10-2263] Analyzing Verilog file "/home/ICer/xilinx_prj/ahb_to_ahb/ahb_to_ahb.srcs/sources_1/imports/verilog/ahb2ahb_fifo.v" into library xil_defaultlib
INFO: [VRFC 10-311] analyzing module ahb2ahb_fifo
INFO: [VRFC 10-2263] Analyzing Verilog file "/home/ICer/xilinx_prj/ahb_to_ahb/ahb_to_ahb.srcs/sources_1/imports/verilog/ahb2ahb_master_core.v" into library xil_defaultlib
INFO: [VRFC 10-311] analyzing module ahb2ahb_master_core
INFO: [VRFC 10-2263] Analyzing Verilog file "/home/ICer/xilinx_prj/ahb_to_ahb/ahb_to_ahb.srcs/sources_1/imports/verilog/ahb2ahb_slave_core.v" into library xil_defaultlib
INFO: [VRFC 10-311] analyzing module ahb2ahb_slave_core
INFO: [VRFC 10-2263] Analyzing Verilog file "/home/ICer/xilinx_prj/ahb_to_ahb/ahb_to_ahb.srcs/sim_1/imports/verilog/ahb_decoder_s3.v" into library xil_defaultlib
INFO: [VRFC 10-311] analyzing module ahb_decoder_s3
INFO: [VRFC 10-2263] Analyzing Verilog file "/home/ICer/xilinx_prj/ahb_to_ahb/ahb_to_ahb.srcs/sim_1/imports/verilog/ahb_default_slave.v" into library xil_defaultlib
INFO: [VRFC 10-311] analyzing module ahb_default_slave
INFO: [VRFC 10-2263] Analyzing Verilog file "/home/ICer/xilinx_prj/ahb_to_ahb/ahb_to_ahb.srcs/sim_1/imports/verilog/ahb_lite_s3.v" into library xil_defaultlib
INFO: [VRFC 10-311] analyzing module ahb_lite_s3
INFO: [VRFC 10-2263] Analyzing Verilog file "/home/ICer/xilinx_prj/ahb_to_ahb/ahb_to_ahb.srcs/sim_1/imports/verilog/ahb_s2m_s3.v" into library xil_defaultlib
INFO: [VRFC 10-311] analyzing module ahb_s2m_s3
INFO: [VRFC 10-2263] Analyzing Verilog file "/home/ICer/xilinx_prj/ahb_to_ahb/ahb_to_ahb.srcs/sim_1/imports/verilog/bfm_ahb.v" into library xil_defaultlib
INFO: [VRFC 10-311] analyzing module bfm_ahb
INFO: [VRFC 10-2263] Analyzing Verilog file "/home/ICer/xilinx_prj/ahb_to_ahb/ahb_to_ahb.srcs/sim_1/imports/design/mem_ahb.v" into library xil_defaultlib
INFO: [VRFC 10-311] analyzing module mem_ahb
INFO: [VRFC 10-2263] Analyzing Verilog file "/home/ICer/xilinx_prj/ahb_to_ahb/ahb_to_ahb.srcs/sim_1/imports/verilog/top.v" into library xil_defaultlib
INFO: [VRFC 10-311] analyzing module top
INFO: [VRFC 10-2263] Analyzing Verilog file "/home/ICer/xilinx_prj/ahb_to_ahb/ahb_to_ahb.sim/sim_1/behav/xsim/glbl.v" into library xil_defaultlib
INFO: [VRFC 10-311] analyzing module glbl
