Vivado Simulator 2019.1
Copyright 1986-1999, 2001-2019 Xilinx, Inc. All Rights Reserved.
Running: /home/Xilinx/Vivado/2019.1/bin/unwrapped/lnx64.o/xelab -wto 62cfe1bc94574fdfb512a7ce08c6fb12 --incr --debug typical --relax --mt 8 -L xil_defaultlib -L unisims_ver -L unimacro_ver -L secureip --snapshot top_behav xil_defaultlib.top xil_defaultlib.glbl -log elaborate.log 
Using 8 slave threads.
Starting static elaboration
Completed static elaboration
Starting simulation data flow analysis
Completed simulation data flow analysis
Time Resolution for simulation is 1ps
Compiling module xil_defaultlib.bfm_ahb_default
Compiling module xil_defaultlib.ahb2ahb_slave_core
Compiling module xil_defaultlib.ahb2ahb_master_core
Compiling module xil_defaultlib.ahb2ahb_fifo(FDW=32,FAW=5)
Compiling module xil_defaultlib.ahb2ahb
Compiling module xil_defaultlib.ahb_decoder_s3(P_NUM=3,P_ADDR_ST...
Compiling module xil_defaultlib.ahb_s2m_s3
Compiling module xil_defaultlib.ahb_default_slave
Compiling module xil_defaultlib.ahb_lite_s3
Compiling module xil_defaultlib.mem_ahb(DELAY=1)
Compiling module xil_defaultlib.top
Compiling module xil_defaultlib.glbl
Built simulation snapshot top_behav
