                         Chronologic VCS (TM)
        Version O-2018.09-1_Full64 -- Wed Mar 13 12:37:16 2024
               Copyright (c) 1991-2018 by Synopsys Inc.
                         ALL RIGHTS RESERVED

This program is proprietary and confidential information of Synopsys Inc.
and may be used and disclosed only as authorized in a license agreement
controlling such use and disclosure.

Parsing design file '/home/ICer/xilinx_prj/ahb_lite/vcs/srcs/ahb_decoder_s3.v'
Parsing design file '/home/ICer/xilinx_prj/ahb_lite/vcs/srcs/ahb_default_slave.v'
Parsing design file '/home/ICer/xilinx_prj/ahb_lite/vcs/srcs/ahb_lite_s3.v'
Parsing design file '/home/ICer/xilinx_prj/ahb_lite/vcs/srcs/ahb_s2m_s3.v'
Parsing design file '/home/ICer/xilinx_prj/ahb_lite/vcs/srcs/bfm_ahb.v'
Parsing included file '/home/ICer/xilinx_prj/ahb_lite/ahb_lite.srcs/sources_1/imports/sim/sim_define.vh'.
Back to file '/home/ICer/xilinx_prj/ahb_lite/vcs/srcs/bfm_ahb.v'.
Parsing design file '/home/ICer/xilinx_prj/ahb_lite/vcs/srcs/mem_ahb.v'
Parsing design file '/home/ICer/xilinx_prj/ahb_lite/vcs/srcs/top.v'
CPU time: .373 seconds to compile
                         Chronologic VCS (TM)
        Version O-2018.09-1_Full64 -- Wed Mar 13 12:37:16 2024
               Copyright (c) 1991-2018 by Synopsys Inc.
                         ALL RIGHTS RESERVED

This program is proprietary and confidential information of Synopsys Inc.
and may be used and disclosed only as authorized in a license agreement
controlling such use and disclosure.

Parsing design file '/home/ICer/xilinx_prj/ahb_lite/vcs/glbl.v'
CPU time: .158 seconds to compile
                         Chronologic VCS (TM)
        Version O-2018.09-1_Full64 -- Wed Mar 13 12:38:59 2024
               Copyright (c) 1991-2018 by Synopsys Inc.
                         ALL RIGHTS RESERVED

This program is proprietary and confidential information of Synopsys Inc.
and may be used and disclosed only as authorized in a license agreement
controlling such use and disclosure.

Parsing design file '/home/ICer/xilinx_prj/ahb_lite/vcs/srcs/ahb_decoder_s3.v'
Parsing design file '/home/ICer/xilinx_prj/ahb_lite/vcs/srcs/ahb_default_slave.v'
Parsing design file '/home/ICer/xilinx_prj/ahb_lite/vcs/srcs/ahb_lite_s3.v'
Parsing design file '/home/ICer/xilinx_prj/ahb_lite/vcs/srcs/ahb_s2m_s3.v'
Parsing design file '/home/ICer/xilinx_prj/ahb_lite/vcs/srcs/bfm_ahb.v'
Parsing included file '/home/ICer/xilinx_prj/ahb_lite/ahb_lite.srcs/sources_1/imports/sim/sim_define.vh'.
Back to file '/home/ICer/xilinx_prj/ahb_lite/vcs/srcs/bfm_ahb.v'.
Parsing design file '/home/ICer/xilinx_prj/ahb_lite/vcs/srcs/mem_ahb.v'
Parsing design file '/home/ICer/xilinx_prj/ahb_lite/vcs/srcs/top.v'
CPU time: .297 seconds to compile
                         Chronologic VCS (TM)
        Version O-2018.09-1_Full64 -- Wed Mar 13 12:38:59 2024
               Copyright (c) 1991-2018 by Synopsys Inc.
                         ALL RIGHTS RESERVED

This program is proprietary and confidential information of Synopsys Inc.
and may be used and disclosed only as authorized in a license agreement
controlling such use and disclosure.

Parsing design file '/home/ICer/xilinx_prj/ahb_lite/vcs/glbl.v'
CPU time: .159 seconds to compile
                         Chronologic VCS (TM)
        Version O-2018.09-1_Full64 -- Wed Mar 13 13:22:37 2024
               Copyright (c) 1991-2018 by Synopsys Inc.
                         ALL RIGHTS RESERVED

This program is proprietary and confidential information of Synopsys Inc.
and may be used and disclosed only as authorized in a license agreement
controlling such use and disclosure.

Parsing design file '/home/ICer/xilinx_prj/ahb_lite/vcs/srcs/ahb_decoder_s3.v'
Parsing design file '/home/ICer/xilinx_prj/ahb_lite/vcs/srcs/ahb_default_slave.v'
Parsing design file '/home/ICer/xilinx_prj/ahb_lite/vcs/srcs/ahb_lite_s3.v'
Parsing design file '/home/ICer/xilinx_prj/ahb_lite/vcs/srcs/ahb_s2m_s3.v'
Parsing design file '/home/ICer/xilinx_prj/ahb_lite/vcs/srcs/bfm_ahb.v'
Parsing included file '/home/ICer/xilinx_prj/ahb_lite/ahb_lite.srcs/sources_1/imports/sim/sim_define.vh'.
Back to file '/home/ICer/xilinx_prj/ahb_lite/vcs/srcs/bfm_ahb.v'.
Parsing design file '/home/ICer/xilinx_prj/ahb_lite/vcs/srcs/mem_ahb.v'
Parsing design file '/home/ICer/xilinx_prj/ahb_lite/vcs/srcs/top.v'
CPU time: .799 seconds to compile
                         Chronologic VCS (TM)
        Version O-2018.09-1_Full64 -- Wed Mar 13 13:22:38 2024
               Copyright (c) 1991-2018 by Synopsys Inc.
                         ALL RIGHTS RESERVED

This program is proprietary and confidential information of Synopsys Inc.
and may be used and disclosed only as authorized in a license agreement
controlling such use and disclosure.

Parsing design file '/home/ICer/xilinx_prj/ahb_lite/vcs/glbl.v'
CPU time: .416 seconds to compile
                         Chronologic VCS (TM)
        Version O-2018.09-1_Full64 -- Wed Mar 13 13:23:43 2024
               Copyright (c) 1991-2018 by Synopsys Inc.
                         ALL RIGHTS RESERVED

This program is proprietary and confidential information of Synopsys Inc.
and may be used and disclosed only as authorized in a license agreement
controlling such use and disclosure.

Parsing design file '/home/ICer/xilinx_prj/ahb_lite/vcs/srcs/ahb_decoder_s3.v'
Parsing design file '/home/ICer/xilinx_prj/ahb_lite/vcs/srcs/ahb_default_slave.v'
Parsing design file '/home/ICer/xilinx_prj/ahb_lite/vcs/srcs/ahb_lite_s3.v'
Parsing design file '/home/ICer/xilinx_prj/ahb_lite/vcs/srcs/ahb_s2m_s3.v'
Parsing design file '/home/ICer/xilinx_prj/ahb_lite/vcs/srcs/bfm_ahb.v'
Parsing included file '/home/ICer/xilinx_prj/ahb_lite/ahb_lite.srcs/sources_1/imports/sim/sim_define.vh'.
Back to file '/home/ICer/xilinx_prj/ahb_lite/vcs/srcs/bfm_ahb.v'.
Parsing design file '/home/ICer/xilinx_prj/ahb_lite/vcs/srcs/mem_ahb.v'
Parsing design file '/home/ICer/xilinx_prj/ahb_lite/vcs/srcs/top.v'
CPU time: .276 seconds to compile
                         Chronologic VCS (TM)
        Version O-2018.09-1_Full64 -- Wed Mar 13 13:23:43 2024
               Copyright (c) 1991-2018 by Synopsys Inc.
                         ALL RIGHTS RESERVED

This program is proprietary and confidential information of Synopsys Inc.
and may be used and disclosed only as authorized in a license agreement
controlling such use and disclosure.

Parsing design file '/home/ICer/xilinx_prj/ahb_lite/vcs/glbl.v'
CPU time: .159 seconds to compile
                         Chronologic VCS (TM)
        Version O-2018.09-1_Full64 -- Wed Mar 13 13:24:31 2024
               Copyright (c) 1991-2018 by Synopsys Inc.
                         ALL RIGHTS RESERVED

This program is proprietary and confidential information of Synopsys Inc.
and may be used and disclosed only as authorized in a license agreement
controlling such use and disclosure.

Parsing design file '/home/ICer/xilinx_prj/ahb_lite/vcs/srcs/ahb_decoder_s3.v'
Parsing design file '/home/ICer/xilinx_prj/ahb_lite/vcs/srcs/ahb_default_slave.v'
Parsing design file '/home/ICer/xilinx_prj/ahb_lite/vcs/srcs/ahb_lite_s3.v'
Parsing design file '/home/ICer/xilinx_prj/ahb_lite/vcs/srcs/ahb_s2m_s3.v'
Parsing design file '/home/ICer/xilinx_prj/ahb_lite/vcs/srcs/bfm_ahb.v'
Parsing included file '/home/ICer/xilinx_prj/ahb_lite/ahb_lite.srcs/sources_1/imports/sim/sim_define.vh'.
Back to file '/home/ICer/xilinx_prj/ahb_lite/vcs/srcs/bfm_ahb.v'.
Parsing design file '/home/ICer/xilinx_prj/ahb_lite/vcs/srcs/mem_ahb.v'
Parsing design file '/home/ICer/xilinx_prj/ahb_lite/vcs/srcs/top.v'
CPU time: .155 seconds to compile
                         Chronologic VCS (TM)
        Version O-2018.09-1_Full64 -- Wed Mar 13 13:24:32 2024
               Copyright (c) 1991-2018 by Synopsys Inc.
                         ALL RIGHTS RESERVED

This program is proprietary and confidential information of Synopsys Inc.
and may be used and disclosed only as authorized in a license agreement
controlling such use and disclosure.

Parsing design file '/home/ICer/xilinx_prj/ahb_lite/vcs/glbl.v'
CPU time: .137 seconds to compile
                         Chronologic VCS (TM)
        Version O-2018.09-1_Full64 -- Wed Mar 13 13:26:02 2024
               Copyright (c) 1991-2018 by Synopsys Inc.
                         ALL RIGHTS RESERVED

This program is proprietary and confidential information of Synopsys Inc.
and may be used and disclosed only as authorized in a license agreement
controlling such use and disclosure.

Parsing design file '/home/ICer/xilinx_prj/ahb_lite/vcs/srcs/ahb_decoder_s3.v'
Parsing design file '/home/ICer/xilinx_prj/ahb_lite/vcs/srcs/ahb_default_slave.v'
Parsing design file '/home/ICer/xilinx_prj/ahb_lite/vcs/srcs/ahb_lite_s3.v'
Parsing design file '/home/ICer/xilinx_prj/ahb_lite/vcs/srcs/ahb_s2m_s3.v'
Parsing design file '/home/ICer/xilinx_prj/ahb_lite/vcs/srcs/bfm_ahb.v'
Parsing included file '/home/ICer/xilinx_prj/ahb_lite/ahb_lite.srcs/sources_1/imports/sim/sim_define.vh'.
Back to file '/home/ICer/xilinx_prj/ahb_lite/vcs/srcs/bfm_ahb.v'.
Parsing design file '/home/ICer/xilinx_prj/ahb_lite/vcs/srcs/mem_ahb.v'
Parsing design file '/home/ICer/xilinx_prj/ahb_lite/vcs/srcs/top.v'
CPU time: .184 seconds to compile
                         Chronologic VCS (TM)
        Version O-2018.09-1_Full64 -- Wed Mar 13 13:26:02 2024
               Copyright (c) 1991-2018 by Synopsys Inc.
                         ALL RIGHTS RESERVED

This program is proprietary and confidential information of Synopsys Inc.
and may be used and disclosed only as authorized in a license agreement
controlling such use and disclosure.

Parsing design file '/home/ICer/xilinx_prj/ahb_lite/vcs/glbl.v'
CPU time: .132 seconds to compile
                         Chronologic VCS (TM)
        Version O-2018.09-1_Full64 -- Wed Mar 13 15:19:31 2024
               Copyright (c) 1991-2018 by Synopsys Inc.
                         ALL RIGHTS RESERVED

This program is proprietary and confidential information of Synopsys Inc.
and may be used and disclosed only as authorized in a license agreement
controlling such use and disclosure.

Parsing design file '/home/ICer/xilinx_prj/ahb_lite/vcs/srcs/ahb_decoder_s3.v'
Parsing design file '/home/ICer/xilinx_prj/ahb_lite/vcs/srcs/ahb_default_slave.v'
Parsing design file '/home/ICer/xilinx_prj/ahb_lite/vcs/srcs/ahb_lite_s3.v'
Parsing design file '/home/ICer/xilinx_prj/ahb_lite/vcs/srcs/ahb_s2m_s3.v'
Parsing design file '/home/ICer/xilinx_prj/ahb_lite/vcs/srcs/bfm_ahb.v'
Parsing included file '/home/ICer/xilinx_prj/ahb_lite/ahb_lite.srcs/sources_1/imports/sim/sim_define.vh'.
Back to file '/home/ICer/xilinx_prj/ahb_lite/vcs/srcs/bfm_ahb.v'.
Parsing design file '/home/ICer/xilinx_prj/ahb_lite/vcs/srcs/mem_ahb.v'
Parsing design file '/home/ICer/xilinx_prj/ahb_lite/vcs/srcs/top.v'
CPU time: .380 seconds to compile
                         Chronologic VCS (TM)
        Version O-2018.09-1_Full64 -- Wed Mar 13 15:19:32 2024
               Copyright (c) 1991-2018 by Synopsys Inc.
                         ALL RIGHTS RESERVED

This program is proprietary and confidential information of Synopsys Inc.
and may be used and disclosed only as authorized in a license agreement
controlling such use and disclosure.

Parsing design file '/home/ICer/xilinx_prj/ahb_lite/vcs/glbl.v'
CPU time: .148 seconds to compile
                         Chronologic VCS (TM)
        Version O-2018.09-1_Full64 -- Wed Mar 13 15:59:14 2024
               Copyright (c) 1991-2018 by Synopsys Inc.
                         ALL RIGHTS RESERVED

This program is proprietary and confidential information of Synopsys Inc.
and may be used and disclosed only as authorized in a license agreement
controlling such use and disclosure.

Parsing design file '/home/ICer/xilinx_prj/ahb_lite/vcs/srcs/ahb_decoder_s3.v'
Parsing design file '/home/ICer/xilinx_prj/ahb_lite/vcs/srcs/ahb_default_slave.v'
Parsing design file '/home/ICer/xilinx_prj/ahb_lite/vcs/srcs/ahb_lite_s3.v'
Parsing design file '/home/ICer/xilinx_prj/ahb_lite/vcs/srcs/ahb_s2m_s3.v'
Parsing design file '/home/ICer/xilinx_prj/ahb_lite/vcs/srcs/bfm_ahb.v'
Parsing included file '/home/ICer/xilinx_prj/ahb_lite/ahb_lite.srcs/sources_1/imports/sim/sim_define.vh'.
Back to file '/home/ICer/xilinx_prj/ahb_lite/vcs/srcs/bfm_ahb.v'.
Parsing design file '/home/ICer/xilinx_prj/ahb_lite/vcs/srcs/mem_ahb.v'
Parsing design file '/home/ICer/xilinx_prj/ahb_lite/vcs/srcs/top.v'
CPU time: .252 seconds to compile
                         Chronologic VCS (TM)
        Version O-2018.09-1_Full64 -- Wed Mar 13 15:59:14 2024
               Copyright (c) 1991-2018 by Synopsys Inc.
                         ALL RIGHTS RESERVED

This program is proprietary and confidential information of Synopsys Inc.
and may be used and disclosed only as authorized in a license agreement
controlling such use and disclosure.

Parsing design file '/home/ICer/xilinx_prj/ahb_lite/vcs/glbl.v'
CPU time: .174 seconds to compile
                         Chronologic VCS (TM)
        Version O-2018.09-1_Full64 -- Wed Mar 13 16:00:06 2024
               Copyright (c) 1991-2018 by Synopsys Inc.
                         ALL RIGHTS RESERVED

This program is proprietary and confidential information of Synopsys Inc.
and may be used and disclosed only as authorized in a license agreement
controlling such use and disclosure.

Parsing design file '/home/ICer/xilinx_prj/ahb_lite/vcs/srcs/ahb_decoder_s3.v'
Parsing design file '/home/ICer/xilinx_prj/ahb_lite/vcs/srcs/ahb_default_slave.v'
Parsing design file '/home/ICer/xilinx_prj/ahb_lite/vcs/srcs/ahb_lite_s3.v'
Parsing design file '/home/ICer/xilinx_prj/ahb_lite/vcs/srcs/ahb_s2m_s3.v'
Parsing design file '/home/ICer/xilinx_prj/ahb_lite/vcs/srcs/bfm_ahb.v'
Parsing included file '/home/ICer/xilinx_prj/ahb_lite/ahb_lite.srcs/sources_1/imports/sim/sim_define.vh'.
Back to file '/home/ICer/xilinx_prj/ahb_lite/vcs/srcs/bfm_ahb.v'.
Parsing design file '/home/ICer/xilinx_prj/ahb_lite/vcs/srcs/mem_ahb.v'
Parsing design file '/home/ICer/xilinx_prj/ahb_lite/vcs/srcs/top.v'
CPU time: .185 seconds to compile
                         Chronologic VCS (TM)
        Version O-2018.09-1_Full64 -- Wed Mar 13 16:00:06 2024
               Copyright (c) 1991-2018 by Synopsys Inc.
                         ALL RIGHTS RESERVED

This program is proprietary and confidential information of Synopsys Inc.
and may be used and disclosed only as authorized in a license agreement
controlling such use and disclosure.

Parsing design file '/home/ICer/xilinx_prj/ahb_lite/vcs/glbl.v'
CPU time: .141 seconds to compile
                         Chronologic VCS (TM)
        Version O-2018.09-1_Full64 -- Wed Mar 13 16:00:24 2024
               Copyright (c) 1991-2018 by Synopsys Inc.
                         ALL RIGHTS RESERVED

This program is proprietary and confidential information of Synopsys Inc.
and may be used and disclosed only as authorized in a license agreement
controlling such use and disclosure.

Parsing design file '/home/ICer/xilinx_prj/ahb_lite/vcs/srcs/ahb_decoder_s3.v'
Parsing design file '/home/ICer/xilinx_prj/ahb_lite/vcs/srcs/ahb_default_slave.v'
Parsing design file '/home/ICer/xilinx_prj/ahb_lite/vcs/srcs/ahb_lite_s3.v'
Parsing design file '/home/ICer/xilinx_prj/ahb_lite/vcs/srcs/ahb_s2m_s3.v'
Parsing design file '/home/ICer/xilinx_prj/ahb_lite/vcs/srcs/bfm_ahb.v'
Parsing included file '/home/ICer/xilinx_prj/ahb_lite/ahb_lite.srcs/sources_1/imports/sim/sim_define.vh'.
Back to file '/home/ICer/xilinx_prj/ahb_lite/vcs/srcs/bfm_ahb.v'.
Parsing design file '/home/ICer/xilinx_prj/ahb_lite/vcs/srcs/mem_ahb.v'
Parsing design file '/home/ICer/xilinx_prj/ahb_lite/vcs/srcs/top.v'
CPU time: .153 seconds to compile
                         Chronologic VCS (TM)
        Version O-2018.09-1_Full64 -- Wed Mar 13 16:00:24 2024
               Copyright (c) 1991-2018 by Synopsys Inc.
                         ALL RIGHTS RESERVED

This program is proprietary and confidential information of Synopsys Inc.
and may be used and disclosed only as authorized in a license agreement
controlling such use and disclosure.

Parsing design file '/home/ICer/xilinx_prj/ahb_lite/vcs/glbl.v'
CPU time: .145 seconds to compile
                         Chronologic VCS (TM)
        Version O-2018.09-1_Full64 -- Wed Mar 13 16:01:54 2024
               Copyright (c) 1991-2018 by Synopsys Inc.
                         ALL RIGHTS RESERVED

This program is proprietary and confidential information of Synopsys Inc.
and may be used and disclosed only as authorized in a license agreement
controlling such use and disclosure.

Parsing design file '/home/ICer/xilinx_prj/ahb_lite/vcs/srcs/ahb_decoder_s3.v'
Parsing design file '/home/ICer/xilinx_prj/ahb_lite/vcs/srcs/ahb_default_slave.v'
Parsing design file '/home/ICer/xilinx_prj/ahb_lite/vcs/srcs/ahb_lite_s3.v'
Parsing design file '/home/ICer/xilinx_prj/ahb_lite/vcs/srcs/ahb_s2m_s3.v'
Parsing design file '/home/ICer/xilinx_prj/ahb_lite/vcs/srcs/bfm_ahb.v'
Parsing included file '/home/ICer/xilinx_prj/ahb_lite/ahb_lite.srcs/sources_1/imports/sim/sim_define.vh'.
Back to file '/home/ICer/xilinx_prj/ahb_lite/vcs/srcs/bfm_ahb.v'.
Parsing design file '/home/ICer/xilinx_prj/ahb_lite/vcs/srcs/mem_ahb.v'
Parsing design file '/home/ICer/xilinx_prj/ahb_lite/vcs/srcs/top.v'
CPU time: .148 seconds to compile
                         Chronologic VCS (TM)
        Version O-2018.09-1_Full64 -- Wed Mar 13 16:01:54 2024
               Copyright (c) 1991-2018 by Synopsys Inc.
                         ALL RIGHTS RESERVED

This program is proprietary and confidential information of Synopsys Inc.
and may be used and disclosed only as authorized in a license agreement
controlling such use and disclosure.

Parsing design file '/home/ICer/xilinx_prj/ahb_lite/vcs/glbl.v'
CPU time: .148 seconds to compile
                         Chronologic VCS (TM)
        Version O-2018.09-1_Full64 -- Wed Mar 13 16:03:12 2024
               Copyright (c) 1991-2018 by Synopsys Inc.
                         ALL RIGHTS RESERVED

This program is proprietary and confidential information of Synopsys Inc.
and may be used and disclosed only as authorized in a license agreement
controlling such use and disclosure.

Parsing design file '/home/ICer/xilinx_prj/ahb_lite/vcs/srcs/ahb_decoder_s3.v'
Parsing design file '/home/ICer/xilinx_prj/ahb_lite/vcs/srcs/ahb_default_slave.v'
Parsing design file '/home/ICer/xilinx_prj/ahb_lite/vcs/srcs/ahb_lite_s3.v'
Parsing design file '/home/ICer/xilinx_prj/ahb_lite/vcs/srcs/ahb_s2m_s3.v'
Parsing design file '/home/ICer/xilinx_prj/ahb_lite/vcs/srcs/bfm_ahb.v'
Parsing included file '/home/ICer/xilinx_prj/ahb_lite/ahb_lite.srcs/sources_1/imports/sim/sim_define.vh'.
Back to file '/home/ICer/xilinx_prj/ahb_lite/vcs/srcs/bfm_ahb.v'.
Parsing design file '/home/ICer/xilinx_prj/ahb_lite/vcs/srcs/mem_ahb.v'
Parsing design file '/home/ICer/xilinx_prj/ahb_lite/vcs/srcs/top.v'
CPU time: .170 seconds to compile
                         Chronologic VCS (TM)
        Version O-2018.09-1_Full64 -- Wed Mar 13 16:03:12 2024
               Copyright (c) 1991-2018 by Synopsys Inc.
                         ALL RIGHTS RESERVED

This program is proprietary and confidential information of Synopsys Inc.
and may be used and disclosed only as authorized in a license agreement
controlling such use and disclosure.

Parsing design file '/home/ICer/xilinx_prj/ahb_lite/vcs/glbl.v'
CPU time: .132 seconds to compile
                         Chronologic VCS (TM)
        Version O-2018.09-1_Full64 -- Wed Mar 13 16:43:36 2024
               Copyright (c) 1991-2018 by Synopsys Inc.
                         ALL RIGHTS RESERVED

This program is proprietary and confidential information of Synopsys Inc.
and may be used and disclosed only as authorized in a license agreement
controlling such use and disclosure.

Parsing design file '/home/ICer/xilinx_prj/ahb_lite/vcs/srcs/ahb_decoder_s3.v'
Parsing design file '/home/ICer/xilinx_prj/ahb_lite/vcs/srcs/ahb_default_slave.v'
Parsing design file '/home/ICer/xilinx_prj/ahb_lite/vcs/srcs/ahb_lite_s3.v'
Parsing design file '/home/ICer/xilinx_prj/ahb_lite/vcs/srcs/ahb_s2m_s3.v'
Parsing design file '/home/ICer/xilinx_prj/ahb_lite/vcs/srcs/bfm_ahb.v'
Parsing included file '/home/ICer/xilinx_prj/ahb_lite/ahb_lite.srcs/sources_1/imports/sim/sim_define.vh'.
Back to file '/home/ICer/xilinx_prj/ahb_lite/vcs/srcs/bfm_ahb.v'.
Parsing design file '/home/ICer/xilinx_prj/ahb_lite/vcs/srcs/mem_ahb.v'
Parsing design file '/home/ICer/xilinx_prj/ahb_lite/vcs/srcs/top.v'
CPU time: .184 seconds to compile
                         Chronologic VCS (TM)
        Version O-2018.09-1_Full64 -- Wed Mar 13 16:43:36 2024
               Copyright (c) 1991-2018 by Synopsys Inc.
                         ALL RIGHTS RESERVED

This program is proprietary and confidential information of Synopsys Inc.
and may be used and disclosed only as authorized in a license agreement
controlling such use and disclosure.

Parsing design file '/home/ICer/xilinx_prj/ahb_lite/vcs/glbl.v'
CPU time: .138 seconds to compile
                         Chronologic VCS (TM)
        Version O-2018.09-1_Full64 -- Wed Mar 13 16:45:27 2024
               Copyright (c) 1991-2018 by Synopsys Inc.
                         ALL RIGHTS RESERVED

This program is proprietary and confidential information of Synopsys Inc.
and may be used and disclosed only as authorized in a license agreement
controlling such use and disclosure.

Parsing design file '/home/ICer/xilinx_prj/ahb_lite/vcs/srcs/ahb_decoder_s3.v'
Parsing design file '/home/ICer/xilinx_prj/ahb_lite/vcs/srcs/ahb_default_slave.v'
Parsing design file '/home/ICer/xilinx_prj/ahb_lite/vcs/srcs/ahb_lite_s3.v'
Parsing design file '/home/ICer/xilinx_prj/ahb_lite/vcs/srcs/ahb_s2m_s3.v'
Parsing design file '/home/ICer/xilinx_prj/ahb_lite/vcs/srcs/bfm_ahb.v'
Parsing included file '/home/ICer/xilinx_prj/ahb_lite/ahb_lite.srcs/sources_1/imports/sim/sim_define.vh'.
Back to file '/home/ICer/xilinx_prj/ahb_lite/vcs/srcs/bfm_ahb.v'.
Parsing design file '/home/ICer/xilinx_prj/ahb_lite/vcs/srcs/mem_ahb.v'
Parsing design file '/home/ICer/xilinx_prj/ahb_lite/vcs/srcs/top.v'
CPU time: .174 seconds to compile
                         Chronologic VCS (TM)
        Version O-2018.09-1_Full64 -- Wed Mar 13 16:45:27 2024
               Copyright (c) 1991-2018 by Synopsys Inc.
                         ALL RIGHTS RESERVED

This program is proprietary and confidential information of Synopsys Inc.
and may be used and disclosed only as authorized in a license agreement
controlling such use and disclosure.

Parsing design file '/home/ICer/xilinx_prj/ahb_lite/vcs/glbl.v'
CPU time: .142 seconds to compile
                         Chronologic VCS (TM)
        Version O-2018.09-1_Full64 -- Wed Mar 13 16:47:40 2024
               Copyright (c) 1991-2018 by Synopsys Inc.
                         ALL RIGHTS RESERVED

This program is proprietary and confidential information of Synopsys Inc.
and may be used and disclosed only as authorized in a license agreement
controlling such use and disclosure.

Parsing design file '/home/ICer/xilinx_prj/ahb_lite/vcs/srcs/ahb_decoder_s3.v'
Parsing design file '/home/ICer/xilinx_prj/ahb_lite/vcs/srcs/ahb_default_slave.v'
Parsing design file '/home/ICer/xilinx_prj/ahb_lite/vcs/srcs/ahb_lite_s3.v'
Parsing design file '/home/ICer/xilinx_prj/ahb_lite/vcs/srcs/ahb_s2m_s3.v'
Parsing design file '/home/ICer/xilinx_prj/ahb_lite/vcs/srcs/bfm_ahb.v'
Parsing included file '/home/ICer/xilinx_prj/ahb_lite/ahb_lite.srcs/sources_1/imports/sim/sim_define.vh'.
Back to file '/home/ICer/xilinx_prj/ahb_lite/vcs/srcs/bfm_ahb.v'.
Parsing design file '/home/ICer/xilinx_prj/ahb_lite/vcs/srcs/mem_ahb.v'
Parsing design file '/home/ICer/xilinx_prj/ahb_lite/vcs/srcs/top.v'
CPU time: .166 seconds to compile
                         Chronologic VCS (TM)
        Version O-2018.09-1_Full64 -- Wed Mar 13 16:47:40 2024
               Copyright (c) 1991-2018 by Synopsys Inc.
                         ALL RIGHTS RESERVED

This program is proprietary and confidential information of Synopsys Inc.
and may be used and disclosed only as authorized in a license agreement
controlling such use and disclosure.

Parsing design file '/home/ICer/xilinx_prj/ahb_lite/vcs/glbl.v'
CPU time: .131 seconds to compile
                         Chronologic VCS (TM)
        Version O-2018.09-1_Full64 -- Wed Mar 13 16:48:15 2024
               Copyright (c) 1991-2018 by Synopsys Inc.
                         ALL RIGHTS RESERVED

This program is proprietary and confidential information of Synopsys Inc.
and may be used and disclosed only as authorized in a license agreement
controlling such use and disclosure.

Parsing design file '/home/ICer/xilinx_prj/ahb_lite/vcs/srcs/ahb_decoder_s3.v'
Parsing design file '/home/ICer/xilinx_prj/ahb_lite/vcs/srcs/ahb_default_slave.v'
Parsing design file '/home/ICer/xilinx_prj/ahb_lite/vcs/srcs/ahb_lite_s3.v'
Parsing design file '/home/ICer/xilinx_prj/ahb_lite/vcs/srcs/ahb_s2m_s3.v'
Parsing design file '/home/ICer/xilinx_prj/ahb_lite/vcs/srcs/bfm_ahb.v'
Parsing included file '/home/ICer/xilinx_prj/ahb_lite/ahb_lite.srcs/sources_1/imports/sim/sim_define.vh'.
Back to file '/home/ICer/xilinx_prj/ahb_lite/vcs/srcs/bfm_ahb.v'.
Parsing design file '/home/ICer/xilinx_prj/ahb_lite/vcs/srcs/mem_ahb.v'
Parsing design file '/home/ICer/xilinx_prj/ahb_lite/vcs/srcs/top.v'
CPU time: .141 seconds to compile
                         Chronologic VCS (TM)
        Version O-2018.09-1_Full64 -- Wed Mar 13 16:48:16 2024
               Copyright (c) 1991-2018 by Synopsys Inc.
                         ALL RIGHTS RESERVED

This program is proprietary and confidential information of Synopsys Inc.
and may be used and disclosed only as authorized in a license agreement
controlling such use and disclosure.

Parsing design file '/home/ICer/xilinx_prj/ahb_lite/vcs/glbl.v'
CPU time: .145 seconds to compile
