#-----------------------------------------------------------
# Vivado v2019.1 (64-bit)
# SW Build 2552052 on Fri May 24 14:47:09 MDT 2019
# IP Build 2548770 on Fri May 24 18:01:18 MDT 2019
# Start of session at: Wed Mar 20 14:41:28 2024
# Process ID: 5275
# Current directory: /home/ICer/xilinx_prj/latch
# Command line: vivado
# Log file: /home/ICer/xilinx_prj/latch/vivado.log
# Journal file: /home/ICer/xilinx_prj/latch/vivado.jou
#-----------------------------------------------------------
start_gui
WARNING: [Board 49-26] cannot add Board Part em.avnet.com:ultra96:part0:1.2 available at /home/ICer/.Xilinx/Vivado/2019.1/xhub/board_store/XilinxBoardStore/Vivado/2019.1/boards/Avnet/ultra96/1.2/1.2/board.xml as part xczu3eg-sbva484-1-e specified in board_part file is either invalid or not available
WARNING: [Board 49-26] cannot add Board Part trenz.biz:te0803_2cg_1e:part0:1.0 available at /home/ICer/.Xilinx/Vivado/2019.1/xhub/board_store/XilinxBoardStore/Vivado/2019.1/boards/Trenz_Electronic/TE0803_2CG_1E/1.0/1.0/board.xml as part xczu2cg-sfvc784-1-e specified in board_part file is either invalid or not available
WARNING: [Board 49-26] cannot add Board Part trenz.biz:te0803_2cg_1e_tebf0808:part0:2.0 available at /home/ICer/.Xilinx/Vivado/2019.1/xhub/board_store/XilinxBoardStore/Vivado/2019.1/boards/Trenz_Electronic/TE0803_2CG_1E/2.0/2.0/board.xml as part xczu2cg-sfvc784-1-e specified in board_part file is either invalid or not available
WARNING: [Board 49-26] cannot add Board Part trenz.biz:te0803_2eg_1e:part0:1.0 available at /home/ICer/.Xilinx/Vivado/2019.1/xhub/board_store/XilinxBoardStore/Vivado/2019.1/boards/Trenz_Electronic/TE0803_2EG_1E/1.0/1.0/board.xml as part xczu2eg-sfvc784-1-e specified in board_part file is either invalid or not available
WARNING: [Board 49-26] cannot add Board Part trenz.biz:te0803_2eg_1e_tebf0808:part0:2.0 available at /home/ICer/.Xilinx/Vivado/2019.1/xhub/board_store/XilinxBoardStore/Vivado/2019.1/boards/Trenz_Electronic/TE0803_2EG_1E/2.0/2.0/board.xml as part xczu2eg-sfvc784-1-e specified in board_part file is either invalid or not available
WARNING: [Board 49-26] cannot add Board Part trenz.biz:te0803_3cg_1e:part0:1.0 available at /home/ICer/.Xilinx/Vivado/2019.1/xhub/board_store/XilinxBoardStore/Vivado/2019.1/boards/Trenz_Electronic/TE0803_3CG_1E/1.0/1.0/board.xml as part xczu3cg-sfvc784-1-e specified in board_part file is either invalid or not available
WARNING: [Board 49-26] cannot add Board Part trenz.biz:te0803_3cg_1e_tebf0808:part0:2.0 available at /home/ICer/.Xilinx/Vivado/2019.1/xhub/board_store/XilinxBoardStore/Vivado/2019.1/boards/Trenz_Electronic/TE0803_3CG_1E/2.0/2.0/board.xml as part xczu3cg-sfvc784-1-e specified in board_part file is either invalid or not available
WARNING: [Board 49-26] cannot add Board Part trenz.biz:te0803_3eg_1e:part0:1.0 available at /home/ICer/.Xilinx/Vivado/2019.1/xhub/board_store/XilinxBoardStore/Vivado/2019.1/boards/Trenz_Electronic/TE0803_3EG_1E/1.0/1.0/board.xml as part xczu3eg-sfvc784-1-e specified in board_part file is either invalid or not available
WARNING: [Board 49-26] cannot add Board Part trenz.biz:te0803_3eg_1e:part0:3.0 available at /home/ICer/.Xilinx/Vivado/2019.1/xhub/board_store/XilinxBoardStore/Vivado/2019.1/boards/Trenz_Electronic/TE0803_3EG_1E/3.0/3.0/board.xml as part xczu3eg-sfvc784-1-e specified in board_part file is either invalid or not available
WARNING: [Board 49-26] cannot add Board Part trenz.biz:te0803_3eg_1e_tebf0808:part0:2.0 available at /home/ICer/.Xilinx/Vivado/2019.1/xhub/board_store/XilinxBoardStore/Vivado/2019.1/boards/Trenz_Electronic/TE0803_3EG_1E/2.0/2.0/board.xml as part xczu3eg-sfvc784-1-e specified in board_part file is either invalid or not available
WARNING: [Board 49-26] cannot add Board Part trenz.biz:te0803_3eg_1e_tebf0808:part0:4.0 available at /home/ICer/.Xilinx/Vivado/2019.1/xhub/board_store/XilinxBoardStore/Vivado/2019.1/boards/Trenz_Electronic/TE0803_3EG_1E/4.0/4.0/board.xml as part xczu3eg-sfvc784-1-e specified in board_part file is either invalid or not available
WARNING: [Board 49-26] cannot add Board Part trenz.biz:te0803_4cg_1e:part0:1.0 available at /home/ICer/.Xilinx/Vivado/2019.1/xhub/board_store/XilinxBoardStore/Vivado/2019.1/boards/Trenz_Electronic/TE0803_4CG_1E/1.0/1.0/board.xml as part xczu4cg-sfvc784-1-e specified in board_part file is either invalid or not available
WARNING: [Board 49-26] cannot add Board Part trenz.biz:te0803_4cg_1e_tebf0808:part0:2.0 available at /home/ICer/.Xilinx/Vivado/2019.1/xhub/board_store/XilinxBoardStore/Vivado/2019.1/boards/Trenz_Electronic/TE0803_4CG_1E/2.0/2.0/board.xml as part xczu4cg-sfvc784-1-e specified in board_part file is either invalid or not available
WARNING: [Board 49-26] cannot add Board Part trenz.biz:te0803_4eg_1e:part0:1.0 available at /home/ICer/.Xilinx/Vivado/2019.1/xhub/board_store/XilinxBoardStore/Vivado/2019.1/boards/Trenz_Electronic/TE0803_4EG_1E/1.0/1.0/board.xml as part xczu4eg-sfvc784-1-e specified in board_part file is either invalid or not available
WARNING: [Board 49-26] cannot add Board Part trenz.biz:te0803_4eg_1e_tebf0808:part0:2.0 available at /home/ICer/.Xilinx/Vivado/2019.1/xhub/board_store/XilinxBoardStore/Vivado/2019.1/boards/Trenz_Electronic/TE0803_4EG_1E/2.0/2.0/board.xml as part xczu4eg-sfvc784-1-e specified in board_part file is either invalid or not available
WARNING: [Board 49-26] cannot add Board Part trenz.biz:te0803_4eg_1i:part0:5.0 available at /home/ICer/.Xilinx/Vivado/2019.1/xhub/board_store/XilinxBoardStore/Vivado/2019.1/boards/Trenz_Electronic/TE0803_4EG_1I/5.0/5.0/board.xml as part xczu4eg-sfvc784-1-i specified in board_part file is either invalid or not available
WARNING: [Board 49-26] cannot add Board Part trenz.biz:te0803_4eg_1i_tebf0808:part0:6.0 available at /home/ICer/.Xilinx/Vivado/2019.1/xhub/board_store/XilinxBoardStore/Vivado/2019.1/boards/Trenz_Electronic/TE0803_4EG_1I/6.0/6.0/board.xml as part xczu4eg-sfvc784-1-i specified in board_part file is either invalid or not available
WARNING: [Board 49-26] cannot add Board Part trenz.biz:te0803_4ev_1e:part0:1.0 available at /home/ICer/.Xilinx/Vivado/2019.1/xhub/board_store/XilinxBoardStore/Vivado/2019.1/boards/Trenz_Electronic/TE0803_4EV_1E/1.0/1.0/board.xml as part xczu4ev-sfvc784-1-e specified in board_part file is either invalid or not available
WARNING: [Board 49-26] cannot add Board Part trenz.biz:te0803_4ev_1e_tebf0808:part0:2.0 available at /home/ICer/.Xilinx/Vivado/2019.1/xhub/board_store/XilinxBoardStore/Vivado/2019.1/boards/Trenz_Electronic/TE0803_4EV_1E/2.0/2.0/board.xml as part xczu4ev-sfvc784-1-e specified in board_part file is either invalid or not available
WARNING: [Board 49-26] cannot add Board Part trenz.biz:te0803_5ev_1e:part0:1.0 available at /home/ICer/.Xilinx/Vivado/2019.1/xhub/board_store/XilinxBoardStore/Vivado/2019.1/boards/Trenz_Electronic/TE0803_5EV_1E/1.0/1.0/board.xml as part xczu5ev-sfvc784-1-e specified in board_part file is either invalid or not available
WARNING: [Board 49-26] cannot add Board Part trenz.biz:te0803_5ev_1e_tebf0808:part0:2.0 available at /home/ICer/.Xilinx/Vivado/2019.1/xhub/board_store/XilinxBoardStore/Vivado/2019.1/boards/Trenz_Electronic/TE0803_5EV_1E/2.0/2.0/board.xml as part xczu5ev-sfvc784-1-e specified in board_part file is either invalid or not available
WARNING: [Board 49-26] cannot add Board Part trenz.biz:te0803_5ev_1i:part0:1.0 available at /home/ICer/.Xilinx/Vivado/2019.1/xhub/board_store/XilinxBoardStore/Vivado/2019.1/boards/Trenz_Electronic/TE0803_5EV_1I/1.0/1.0/board.xml as part xczu5ev-sfvc784-1-i specified in board_part file is either invalid or not available
WARNING: [Board 49-26] cannot add Board Part trenz.biz:te0803_5ev_1i_tebf0808:part0:2.0 available at /home/ICer/.Xilinx/Vivado/2019.1/xhub/board_store/XilinxBoardStore/Vivado/2019.1/boards/Trenz_Electronic/TE0803_5EV_1I/2.0/2.0/board.xml as part xczu5ev-sfvc784-1-i specified in board_part file is either invalid or not available
WARNING: [Board 49-26] cannot add Board Part trenz.biz:te0808_15eg_1e:part0:3.0 available at /home/ICer/.Xilinx/Vivado/2019.1/xhub/board_store/XilinxBoardStore/Vivado/2019.1/boards/Trenz_Electronic/TE0808_15EG_1E/3.0/3.0/board.xml as part xczu15eg-ffvc900-1-e specified in board_part file is either invalid or not available
WARNING: [Board 49-26] cannot add Board Part trenz.biz:te0808_15eg_1e_tebf0808:part0:4.0 available at /home/ICer/.Xilinx/Vivado/2019.1/xhub/board_store/XilinxBoardStore/Vivado/2019.1/boards/Trenz_Electronic/TE0808_15EG_1E/4.0/4.0/board.xml as part xczu15eg-ffvc900-1-e specified in board_part file is either invalid or not available
WARNING: [Board 49-26] cannot add Board Part trenz.biz:te0808_6eg_1e:part0:3.0 available at /home/ICer/.Xilinx/Vivado/2019.1/xhub/board_store/XilinxBoardStore/Vivado/2019.1/boards/Trenz_Electronic/TE0808_6EG_1E/3.0/3.0/board.xml as part xczu6eg-ffvc900-1-e specified in board_part file is either invalid or not available
WARNING: [Board 49-26] cannot add Board Part trenz.biz:te0808_6eg_1e_tebf0808:part0:4.0 available at /home/ICer/.Xilinx/Vivado/2019.1/xhub/board_store/XilinxBoardStore/Vivado/2019.1/boards/Trenz_Electronic/TE0808_6EG_1E/4.0/4.0/board.xml as part xczu6eg-ffvc900-1-e specified in board_part file is either invalid or not available
WARNING: [Board 49-26] cannot add Board Part trenz.biz:te0808_9eg_1e:part0:1.0 available at /home/ICer/.Xilinx/Vivado/2019.1/xhub/board_store/XilinxBoardStore/Vivado/2019.1/boards/Trenz_Electronic/TE0808_9EG_1E/1.0/1.0/board.xml as part xczu9eg-ffvc900-1-e specified in board_part file is either invalid or not available
WARNING: [Board 49-26] cannot add Board Part trenz.biz:te0808_9eg_1e:part0:3.0 available at /home/ICer/.Xilinx/Vivado/2019.1/xhub/board_store/XilinxBoardStore/Vivado/2019.1/boards/Trenz_Electronic/TE0808_9EG_1E/3.0/3.0/board.xml as part xczu9eg-ffvc900-1-e specified in board_part file is either invalid or not available
WARNING: [Board 49-26] cannot add Board Part trenz.biz:te0808_9eg_1e_tebf0808:part0:2.0 available at /home/ICer/.Xilinx/Vivado/2019.1/xhub/board_store/XilinxBoardStore/Vivado/2019.1/boards/Trenz_Electronic/TE0808_9EG_1E/2.0/2.0/board.xml as part xczu9eg-ffvc900-1-e specified in board_part file is either invalid or not available
WARNING: [Board 49-26] cannot add Board Part trenz.biz:te0808_9eg_1e_tebf0808:part0:4.0 available at /home/ICer/.Xilinx/Vivado/2019.1/xhub/board_store/XilinxBoardStore/Vivado/2019.1/boards/Trenz_Electronic/TE0808_9EG_1E/4.0/4.0/board.xml as part xczu9eg-ffvc900-1-e specified in board_part file is either invalid or not available
WARNING: [Board 49-26] cannot add Board Part trenz.biz:te0808_9eg_2i:part0:3.0 available at /home/ICer/.Xilinx/Vivado/2019.1/xhub/board_store/XilinxBoardStore/Vivado/2019.1/boards/Trenz_Electronic/TE0808_9EG_2I/3.0/3.0/board.xml as part xczu9eg-ffvc900-2-i specified in board_part file is either invalid or not available
WARNING: [Board 49-26] cannot add Board Part trenz.biz:te0808_9eg_2i_tebf0808:part0:4.0 available at /home/ICer/.Xilinx/Vivado/2019.1/xhub/board_store/XilinxBoardStore/Vivado/2019.1/boards/Trenz_Electronic/TE0808_9EG_2I/4.0/4.0/board.xml as part xczu9eg-ffvc900-2-i specified in board_part file is either invalid or not available
WARNING: [Board 49-26] cannot add Board Part trenz.biz:te0820_2cg_1e:part0:1.0 available at /home/ICer/.Xilinx/Vivado/2019.1/xhub/board_store/XilinxBoardStore/Vivado/2019.1/boards/Trenz_Electronic/TE0820_2CG_1E/1.0/1.0/board.xml as part xczu2cg-sfvc784-1-e specified in board_part file is either invalid or not available
WARNING: [Board 49-26] cannot add Board Part trenz.biz:te0820_2eg_1e:part0:1.0 available at /home/ICer/.Xilinx/Vivado/2019.1/xhub/board_store/XilinxBoardStore/Vivado/2019.1/boards/Trenz_Electronic/TE0820_2EG_1E/1.0/1.0/board.xml as part xczu2eg-sfvc784-1-e specified in board_part file is either invalid or not available
WARNING: [Board 49-26] cannot add Board Part trenz.biz:te0820_2eg_1e:part0:2.0 available at /home/ICer/.Xilinx/Vivado/2019.1/xhub/board_store/XilinxBoardStore/Vivado/2019.1/boards/Trenz_Electronic/TE0820_2EG_1E/2.0/2.0/board.xml as part xczu2eg-sfvc784-1-e specified in board_part file is either invalid or not available
WARNING: [Board 49-26] cannot add Board Part trenz.biz:te0820_3cg_1e:part0:1.0 available at /home/ICer/.Xilinx/Vivado/2019.1/xhub/board_store/XilinxBoardStore/Vivado/2019.1/boards/Trenz_Electronic/TE0820_3CG_1E/1.0/1.0/board.xml as part xczu3cg-sfvc784-1-e specified in board_part file is either invalid or not available
WARNING: [Board 49-26] cannot add Board Part trenz.biz:te0820_3eg_1e:part0:1.0 available at /home/ICer/.Xilinx/Vivado/2019.1/xhub/board_store/XilinxBoardStore/Vivado/2019.1/boards/Trenz_Electronic/TE0820_3EG_1E/1.0/1.0/board.xml as part xczu3eg-sfvc784-1-e specified in board_part file is either invalid or not available
WARNING: [Board 49-26] cannot add Board Part trenz.biz:te0820_4cg_1e:part0:1.0 available at /home/ICer/.Xilinx/Vivado/2019.1/xhub/board_store/XilinxBoardStore/Vivado/2019.1/boards/Trenz_Electronic/TE0820_4CG_1E/1.0/1.0/board.xml as part xczu4cg-sfvc784-1-e specified in board_part file is either invalid or not available
WARNING: [Board 49-26] cannot add Board Part trenz.biz:te0820_4ev_1e:part0:1.0 available at /home/ICer/.Xilinx/Vivado/2019.1/xhub/board_store/XilinxBoardStore/Vivado/2019.1/boards/Trenz_Electronic/TE0820_4EV_1E/1.0/1.0/board.xml as part xczu4ev-sfvc784-1-e specified in board_part file is either invalid or not available
WARNING: [Board 49-26] cannot add Board Part trenz.biz:teb0911_9eg_1e:part0:1.0 available at /home/ICer/.Xilinx/Vivado/2019.1/xhub/board_store/XilinxBoardStore/Vivado/2019.1/boards/Trenz_Electronic/TEB0911_9EG_1E/1.0/1.0/board.xml as part xczu9eg-ffvb1156-1-e specified in board_part file is either invalid or not available
WARNING: [Board 49-26] cannot add Board Part trenz.biz:tec0850_15eg_1e:part0:1.0 available at /home/ICer/.Xilinx/Vivado/2019.1/xhub/board_store/XilinxBoardStore/Vivado/2019.1/boards/Trenz_Electronic/TEC0850_15EG_1E/1.0/1.0/board.xml as part xczu15eg-ffvb1156-1-e specified in board_part file is either invalid or not available
WARNING: [Board 49-26] cannot add Board Part xilinx.com:au200:part0:1.2 available at /home/ICer/.Xilinx/Vivado/2019.1/xhub/board_store/XilinxBoardStore/Vivado/2019.1/boards/Xilinx/au200/1.2/1.2/board.xml as part xcu200-fsgd2104-2-e specified in board_part file is either invalid or not available
WARNING: [Board 49-26] cannot add Board Part xilinx.com:au250:part0:1.0 available at /home/Xilinx/Vivado/2019.1/data/boards/board_files/au250/1.0/board.xml as part xcu250-figd2104-2l-e specified in board_part file is either invalid or not available
WARNING: [Board 49-26] cannot add Board Part xilinx.com:au250:part0:1.1 available at /home/Xilinx/Vivado/2019.1/data/boards/board_files/au250/1.1/board.xml as part xcu250-figd2104-2l-e specified in board_part file is either invalid or not available
WARNING: [Board 49-26] cannot add Board Part xilinx.com:au250:part0:1.2 available at /home/ICer/.Xilinx/Vivado/2019.1/xhub/board_store/XilinxBoardStore/Vivado/2019.1/boards/Xilinx/au250/1.2/1.2/board.xml as part xcu250-figd2104-2l-e specified in board_part file is either invalid or not available
WARNING: [Board 49-26] cannot add Board Part xilinx.com:au250:part0:1.3 available at /home/Xilinx/Vivado/2019.1/data/boards/board_files/au250/1.3/board.xml as part xcu250-figd2104-2l-e specified in board_part file is either invalid or not available
WARNING: [Board 49-26] cannot add Board Part xilinx.com:au280:part0:1.0 available at /home/ICer/.Xilinx/Vivado/2019.1/xhub/board_store/XilinxBoardStore/Vivado/2019.1/boards/Xilinx/au280/production/1.0/1.0/board.xml as part xcu280-fsvh2892-2l-e specified in board_part file is either invalid or not available
WARNING: [Board 49-26] cannot add Board Part xilinx.com:au280_es1:part0:1.0 available at /home/ICer/.Xilinx/Vivado/2019.1/xhub/board_store/XilinxBoardStore/Vivado/2019.1/boards/Xilinx/au280/es1/1.0/1.0/board.xml as part xcu280-fsvh2892-2l-e-es1 specified in board_part file is either invalid or not available
WARNING: [Board 49-26] cannot add Board Part xilinx.com:au280_es1:part0:1.1 available at /home/ICer/.Xilinx/Vivado/2019.1/xhub/board_store/XilinxBoardStore/Vivado/2019.1/boards/Xilinx/au280/es1/1.1/1.1/board.xml as part xcu280-fsvh2892-2l-e-es1 specified in board_part file is either invalid or not available
WARNING: [Board 49-26] cannot add Board Part xilinx.com:vcu118:part0:2.0 available at /home/ICer/.Xilinx/Vivado/2019.1/xhub/board_store/XilinxBoardStore/Vivado/2019.1/boards/Xilinx/vcu118/2.0/2.0/board.xml as part xcvu9p-flga2104-2l-e specified in board_part file is either invalid or not available
WARNING: [Board 49-26] cannot add Board Part xilinx.com:vcu128_es:part0:1.0 available at /home/ICer/.Xilinx/Vivado/2019.1/xhub/board_store/XilinxBoardStore/Vivado/2019.1/boards/Xilinx/vcu128/1.0/1.0/board.xml as part xcvu37p-fsvh2892-2l-e-es1 specified in board_part file is either invalid or not available
WARNING: [Board 49-26] cannot add Board Part xilinx.com:vcu128_es:part0:1.1 available at /home/ICer/.Xilinx/Vivado/2019.1/xhub/board_store/XilinxBoardStore/Vivado/2019.1/boards/Xilinx/vcu128/1.1/1.1/board.xml as part xcvu37p-fsvh2892-2l-e-es1 specified in board_part file is either invalid or not available
WARNING: [Board 49-26] cannot add Board Part xilinx.com:vcu129:part0:1.0 available at /home/ICer/.Xilinx/Vivado/2019.1/xhub/board_store/XilinxBoardStore/Vivado/2019.1/boards/Xilinx/vcu129/production/1.0/1.0/board.xml as part xcvu29p-fsga2577-2l-e specified in board_part file is either invalid or not available
WARNING: [Board 49-26] cannot add Board Part xilinx.com:vcu129_es:part0:1.0 available at /home/ICer/.Xilinx/Vivado/2019.1/xhub/board_store/XilinxBoardStore/Vivado/2019.1/boards/Xilinx/vcu129/es/1.0/1.0/board.xml as part xcvu29p-fsga2577-2l-e-es1 specified in board_part file is either invalid or not available
WARNING: [Board 49-26] cannot add Board Part em.avnet.com:ultra96:part0:1.2 available at /home/ICer/.Xilinx/Vivado/2019.1/xhub/board_store/XilinxBoardStore/Vivado/2019.1/boards/Avnet/ultra96/1.2/1.2/board.xml as part xczu3eg-sbva484-1-e specified in board_part file is either invalid or not available
WARNING: [Board 49-26] cannot add Board Part trenz.biz:te0803_2cg_1e:part0:1.0 available at /home/ICer/.Xilinx/Vivado/2019.1/xhub/board_store/XilinxBoardStore/Vivado/2019.1/boards/Trenz_Electronic/TE0803_2CG_1E/1.0/1.0/board.xml as part xczu2cg-sfvc784-1-e specified in board_part file is either invalid or not available
WARNING: [Board 49-26] cannot add Board Part trenz.biz:te0803_2cg_1e_tebf0808:part0:2.0 available at /home/ICer/.Xilinx/Vivado/2019.1/xhub/board_store/XilinxBoardStore/Vivado/2019.1/boards/Trenz_Electronic/TE0803_2CG_1E/2.0/2.0/board.xml as part xczu2cg-sfvc784-1-e specified in board_part file is either invalid or not available
WARNING: [Board 49-26] cannot add Board Part trenz.biz:te0803_2eg_1e:part0:1.0 available at /home/ICer/.Xilinx/Vivado/2019.1/xhub/board_store/XilinxBoardStore/Vivado/2019.1/boards/Trenz_Electronic/TE0803_2EG_1E/1.0/1.0/board.xml as part xczu2eg-sfvc784-1-e specified in board_part file is either invalid or not available
WARNING: [Board 49-26] cannot add Board Part trenz.biz:te0803_2eg_1e_tebf0808:part0:2.0 available at /home/ICer/.Xilinx/Vivado/2019.1/xhub/board_store/XilinxBoardStore/Vivado/2019.1/boards/Trenz_Electronic/TE0803_2EG_1E/2.0/2.0/board.xml as part xczu2eg-sfvc784-1-e specified in board_part file is either invalid or not available
WARNING: [Board 49-26] cannot add Board Part trenz.biz:te0803_3cg_1e:part0:1.0 available at /home/ICer/.Xilinx/Vivado/2019.1/xhub/board_store/XilinxBoardStore/Vivado/2019.1/boards/Trenz_Electronic/TE0803_3CG_1E/1.0/1.0/board.xml as part xczu3cg-sfvc784-1-e specified in board_part file is either invalid or not available
WARNING: [Board 49-26] cannot add Board Part trenz.biz:te0803_3cg_1e_tebf0808:part0:2.0 available at /home/ICer/.Xilinx/Vivado/2019.1/xhub/board_store/XilinxBoardStore/Vivado/2019.1/boards/Trenz_Electronic/TE0803_3CG_1E/2.0/2.0/board.xml as part xczu3cg-sfvc784-1-e specified in board_part file is either invalid or not available
WARNING: [Board 49-26] cannot add Board Part trenz.biz:te0803_3eg_1e:part0:1.0 available at /home/ICer/.Xilinx/Vivado/2019.1/xhub/board_store/XilinxBoardStore/Vivado/2019.1/boards/Trenz_Electronic/TE0803_3EG_1E/1.0/1.0/board.xml as part xczu3eg-sfvc784-1-e specified in board_part file is either invalid or not available
WARNING: [Board 49-26] cannot add Board Part trenz.biz:te0803_3eg_1e:part0:3.0 available at /home/ICer/.Xilinx/Vivado/2019.1/xhub/board_store/XilinxBoardStore/Vivado/2019.1/boards/Trenz_Electronic/TE0803_3EG_1E/3.0/3.0/board.xml as part xczu3eg-sfvc784-1-e specified in board_part file is either invalid or not available
WARNING: [Board 49-26] cannot add Board Part trenz.biz:te0803_3eg_1e_tebf0808:part0:2.0 available at /home/ICer/.Xilinx/Vivado/2019.1/xhub/board_store/XilinxBoardStore/Vivado/2019.1/boards/Trenz_Electronic/TE0803_3EG_1E/2.0/2.0/board.xml as part xczu3eg-sfvc784-1-e specified in board_part file is either invalid or not available
WARNING: [Board 49-26] cannot add Board Part trenz.biz:te0803_3eg_1e_tebf0808:part0:4.0 available at /home/ICer/.Xilinx/Vivado/2019.1/xhub/board_store/XilinxBoardStore/Vivado/2019.1/boards/Trenz_Electronic/TE0803_3EG_1E/4.0/4.0/board.xml as part xczu3eg-sfvc784-1-e specified in board_part file is either invalid or not available
WARNING: [Board 49-26] cannot add Board Part trenz.biz:te0803_4cg_1e:part0:1.0 available at /home/ICer/.Xilinx/Vivado/2019.1/xhub/board_store/XilinxBoardStore/Vivado/2019.1/boards/Trenz_Electronic/TE0803_4CG_1E/1.0/1.0/board.xml as part xczu4cg-sfvc784-1-e specified in board_part file is either invalid or not available
WARNING: [Board 49-26] cannot add Board Part trenz.biz:te0803_4cg_1e_tebf0808:part0:2.0 available at /home/ICer/.Xilinx/Vivado/2019.1/xhub/board_store/XilinxBoardStore/Vivado/2019.1/boards/Trenz_Electronic/TE0803_4CG_1E/2.0/2.0/board.xml as part xczu4cg-sfvc784-1-e specified in board_part file is either invalid or not available
WARNING: [Board 49-26] cannot add Board Part trenz.biz:te0803_4eg_1e:part0:1.0 available at /home/ICer/.Xilinx/Vivado/2019.1/xhub/board_store/XilinxBoardStore/Vivado/2019.1/boards/Trenz_Electronic/TE0803_4EG_1E/1.0/1.0/board.xml as part xczu4eg-sfvc784-1-e specified in board_part file is either invalid or not available
WARNING: [Board 49-26] cannot add Board Part trenz.biz:te0803_4eg_1e_tebf0808:part0:2.0 available at /home/ICer/.Xilinx/Vivado/2019.1/xhub/board_store/XilinxBoardStore/Vivado/2019.1/boards/Trenz_Electronic/TE0803_4EG_1E/2.0/2.0/board.xml as part xczu4eg-sfvc784-1-e specified in board_part file is either invalid or not available
WARNING: [Board 49-26] cannot add Board Part trenz.biz:te0803_4eg_1i:part0:5.0 available at /home/ICer/.Xilinx/Vivado/2019.1/xhub/board_store/XilinxBoardStore/Vivado/2019.1/boards/Trenz_Electronic/TE0803_4EG_1I/5.0/5.0/board.xml as part xczu4eg-sfvc784-1-i specified in board_part file is either invalid or not available
WARNING: [Board 49-26] cannot add Board Part trenz.biz:te0803_4eg_1i_tebf0808:part0:6.0 available at /home/ICer/.Xilinx/Vivado/2019.1/xhub/board_store/XilinxBoardStore/Vivado/2019.1/boards/Trenz_Electronic/TE0803_4EG_1I/6.0/6.0/board.xml as part xczu4eg-sfvc784-1-i specified in board_part file is either invalid or not available
WARNING: [Board 49-26] cannot add Board Part trenz.biz:te0803_4ev_1e:part0:1.0 available at /home/ICer/.Xilinx/Vivado/2019.1/xhub/board_store/XilinxBoardStore/Vivado/2019.1/boards/Trenz_Electronic/TE0803_4EV_1E/1.0/1.0/board.xml as part xczu4ev-sfvc784-1-e specified in board_part file is either invalid or not available
WARNING: [Board 49-26] cannot add Board Part trenz.biz:te0803_4ev_1e_tebf0808:part0:2.0 available at /home/ICer/.Xilinx/Vivado/2019.1/xhub/board_store/XilinxBoardStore/Vivado/2019.1/boards/Trenz_Electronic/TE0803_4EV_1E/2.0/2.0/board.xml as part xczu4ev-sfvc784-1-e specified in board_part file is either invalid or not available
WARNING: [Board 49-26] cannot add Board Part trenz.biz:te0803_5ev_1e:part0:1.0 available at /home/ICer/.Xilinx/Vivado/2019.1/xhub/board_store/XilinxBoardStore/Vivado/2019.1/boards/Trenz_Electronic/TE0803_5EV_1E/1.0/1.0/board.xml as part xczu5ev-sfvc784-1-e specified in board_part file is either invalid or not available
WARNING: [Board 49-26] cannot add Board Part trenz.biz:te0803_5ev_1e_tebf0808:part0:2.0 available at /home/ICer/.Xilinx/Vivado/2019.1/xhub/board_store/XilinxBoardStore/Vivado/2019.1/boards/Trenz_Electronic/TE0803_5EV_1E/2.0/2.0/board.xml as part xczu5ev-sfvc784-1-e specified in board_part file is either invalid or not available
WARNING: [Board 49-26] cannot add Board Part trenz.biz:te0803_5ev_1i:part0:1.0 available at /home/ICer/.Xilinx/Vivado/2019.1/xhub/board_store/XilinxBoardStore/Vivado/2019.1/boards/Trenz_Electronic/TE0803_5EV_1I/1.0/1.0/board.xml as part xczu5ev-sfvc784-1-i specified in board_part file is either invalid or not available
WARNING: [Board 49-26] cannot add Board Part trenz.biz:te0803_5ev_1i_tebf0808:part0:2.0 available at /home/ICer/.Xilinx/Vivado/2019.1/xhub/board_store/XilinxBoardStore/Vivado/2019.1/boards/Trenz_Electronic/TE0803_5EV_1I/2.0/2.0/board.xml as part xczu5ev-sfvc784-1-i specified in board_part file is either invalid or not available
WARNING: [Board 49-26] cannot add Board Part trenz.biz:te0808_15eg_1e:part0:3.0 available at /home/ICer/.Xilinx/Vivado/2019.1/xhub/board_store/XilinxBoardStore/Vivado/2019.1/boards/Trenz_Electronic/TE0808_15EG_1E/3.0/3.0/board.xml as part xczu15eg-ffvc900-1-e specified in board_part file is either invalid or not available
WARNING: [Board 49-26] cannot add Board Part trenz.biz:te0808_15eg_1e_tebf0808:part0:4.0 available at /home/ICer/.Xilinx/Vivado/2019.1/xhub/board_store/XilinxBoardStore/Vivado/2019.1/boards/Trenz_Electronic/TE0808_15EG_1E/4.0/4.0/board.xml as part xczu15eg-ffvc900-1-e specified in board_part file is either invalid or not available
WARNING: [Board 49-26] cannot add Board Part trenz.biz:te0808_6eg_1e:part0:3.0 available at /home/ICer/.Xilinx/Vivado/2019.1/xhub/board_store/XilinxBoardStore/Vivado/2019.1/boards/Trenz_Electronic/TE0808_6EG_1E/3.0/3.0/board.xml as part xczu6eg-ffvc900-1-e specified in board_part file is either invalid or not available
WARNING: [Board 49-26] cannot add Board Part trenz.biz:te0808_6eg_1e_tebf0808:part0:4.0 available at /home/ICer/.Xilinx/Vivado/2019.1/xhub/board_store/XilinxBoardStore/Vivado/2019.1/boards/Trenz_Electronic/TE0808_6EG_1E/4.0/4.0/board.xml as part xczu6eg-ffvc900-1-e specified in board_part file is either invalid or not available
WARNING: [Board 49-26] cannot add Board Part trenz.biz:te0808_9eg_1e:part0:1.0 available at /home/ICer/.Xilinx/Vivado/2019.1/xhub/board_store/XilinxBoardStore/Vivado/2019.1/boards/Trenz_Electronic/TE0808_9EG_1E/1.0/1.0/board.xml as part xczu9eg-ffvc900-1-e specified in board_part file is either invalid or not available
WARNING: [Board 49-26] cannot add Board Part trenz.biz:te0808_9eg_1e:part0:3.0 available at /home/ICer/.Xilinx/Vivado/2019.1/xhub/board_store/XilinxBoardStore/Vivado/2019.1/boards/Trenz_Electronic/TE0808_9EG_1E/3.0/3.0/board.xml as part xczu9eg-ffvc900-1-e specified in board_part file is either invalid or not available
WARNING: [Board 49-26] cannot add Board Part trenz.biz:te0808_9eg_1e_tebf0808:part0:2.0 available at /home/ICer/.Xilinx/Vivado/2019.1/xhub/board_store/XilinxBoardStore/Vivado/2019.1/boards/Trenz_Electronic/TE0808_9EG_1E/2.0/2.0/board.xml as part xczu9eg-ffvc900-1-e specified in board_part file is either invalid or not available
WARNING: [Board 49-26] cannot add Board Part trenz.biz:te0808_9eg_1e_tebf0808:part0:4.0 available at /home/ICer/.Xilinx/Vivado/2019.1/xhub/board_store/XilinxBoardStore/Vivado/2019.1/boards/Trenz_Electronic/TE0808_9EG_1E/4.0/4.0/board.xml as part xczu9eg-ffvc900-1-e specified in board_part file is either invalid or not available
WARNING: [Board 49-26] cannot add Board Part trenz.biz:te0808_9eg_2i:part0:3.0 available at /home/ICer/.Xilinx/Vivado/2019.1/xhub/board_store/XilinxBoardStore/Vivado/2019.1/boards/Trenz_Electronic/TE0808_9EG_2I/3.0/3.0/board.xml as part xczu9eg-ffvc900-2-i specified in board_part file is either invalid or not available
WARNING: [Board 49-26] cannot add Board Part trenz.biz:te0808_9eg_2i_tebf0808:part0:4.0 available at /home/ICer/.Xilinx/Vivado/2019.1/xhub/board_store/XilinxBoardStore/Vivado/2019.1/boards/Trenz_Electronic/TE0808_9EG_2I/4.0/4.0/board.xml as part xczu9eg-ffvc900-2-i specified in board_part file is either invalid or not available
WARNING: [Board 49-26] cannot add Board Part trenz.biz:te0820_2cg_1e:part0:1.0 available at /home/ICer/.Xilinx/Vivado/2019.1/xhub/board_store/XilinxBoardStore/Vivado/2019.1/boards/Trenz_Electronic/TE0820_2CG_1E/1.0/1.0/board.xml as part xczu2cg-sfvc784-1-e specified in board_part file is either invalid or not available
WARNING: [Board 49-26] cannot add Board Part trenz.biz:te0820_2eg_1e:part0:1.0 available at /home/ICer/.Xilinx/Vivado/2019.1/xhub/board_store/XilinxBoardStore/Vivado/2019.1/boards/Trenz_Electronic/TE0820_2EG_1E/1.0/1.0/board.xml as part xczu2eg-sfvc784-1-e specified in board_part file is either invalid or not available
WARNING: [Board 49-26] cannot add Board Part trenz.biz:te0820_2eg_1e:part0:2.0 available at /home/ICer/.Xilinx/Vivado/2019.1/xhub/board_store/XilinxBoardStore/Vivado/2019.1/boards/Trenz_Electronic/TE0820_2EG_1E/2.0/2.0/board.xml as part xczu2eg-sfvc784-1-e specified in board_part file is either invalid or not available
WARNING: [Board 49-26] cannot add Board Part trenz.biz:te0820_3cg_1e:part0:1.0 available at /home/ICer/.Xilinx/Vivado/2019.1/xhub/board_store/XilinxBoardStore/Vivado/2019.1/boards/Trenz_Electronic/TE0820_3CG_1E/1.0/1.0/board.xml as part xczu3cg-sfvc784-1-e specified in board_part file is either invalid or not available
WARNING: [Board 49-26] cannot add Board Part trenz.biz:te0820_3eg_1e:part0:1.0 available at /home/ICer/.Xilinx/Vivado/2019.1/xhub/board_store/XilinxBoardStore/Vivado/2019.1/boards/Trenz_Electronic/TE0820_3EG_1E/1.0/1.0/board.xml as part xczu3eg-sfvc784-1-e specified in board_part file is either invalid or not available
WARNING: [Board 49-26] cannot add Board Part trenz.biz:te0820_4cg_1e:part0:1.0 available at /home/ICer/.Xilinx/Vivado/2019.1/xhub/board_store/XilinxBoardStore/Vivado/2019.1/boards/Trenz_Electronic/TE0820_4CG_1E/1.0/1.0/board.xml as part xczu4cg-sfvc784-1-e specified in board_part file is either invalid or not available
WARNING: [Board 49-26] cannot add Board Part trenz.biz:te0820_4ev_1e:part0:1.0 available at /home/ICer/.Xilinx/Vivado/2019.1/xhub/board_store/XilinxBoardStore/Vivado/2019.1/boards/Trenz_Electronic/TE0820_4EV_1E/1.0/1.0/board.xml as part xczu4ev-sfvc784-1-e specified in board_part file is either invalid or not available
WARNING: [Board 49-26] cannot add Board Part trenz.biz:teb0911_9eg_1e:part0:1.0 available at /home/ICer/.Xilinx/Vivado/2019.1/xhub/board_store/XilinxBoardStore/Vivado/2019.1/boards/Trenz_Electronic/TEB0911_9EG_1E/1.0/1.0/board.xml as part xczu9eg-ffvb1156-1-e specified in board_part file is either invalid or not available
WARNING: [Board 49-26] cannot add Board Part trenz.biz:tec0850_15eg_1e:part0:1.0 available at /home/ICer/.Xilinx/Vivado/2019.1/xhub/board_store/XilinxBoardStore/Vivado/2019.1/boards/Trenz_Electronic/TEC0850_15EG_1E/1.0/1.0/board.xml as part xczu15eg-ffvb1156-1-e specified in board_part file is either invalid or not available
WARNING: [Board 49-26] cannot add Board Part xilinx.com:au200:part0:1.2 available at /home/ICer/.Xilinx/Vivado/2019.1/xhub/board_store/XilinxBoardStore/Vivado/2019.1/boards/Xilinx/au200/1.2/1.2/board.xml as part xcu200-fsgd2104-2-e specified in board_part file is either invalid or not available
WARNING: [Board 49-26] cannot add Board Part xilinx.com:au250:part0:1.0 available at /home/Xilinx/Vivado/2019.1/data/boards/board_files/au250/1.0/board.xml as part xcu250-figd2104-2l-e specified in board_part file is either invalid or not available
WARNING: [Board 49-26] cannot add Board Part xilinx.com:au250:part0:1.1 available at /home/Xilinx/Vivado/2019.1/data/boards/board_files/au250/1.1/board.xml as part xcu250-figd2104-2l-e specified in board_part file is either invalid or not available
INFO: [Common 17-14] Message 'Board 49-26' appears 100 times and further instances of the messages will be disabled. Use the Tcl command set_msg_config to change the current settings.
create_project latch . -part xc7k70tfbv676-1
INFO: [IP_Flow 19-234] Refreshing IP repositories
INFO: [IP_Flow 19-1704] No user IP repositories specified
INFO: [IP_Flow 19-2313] Loaded Vivado IP repository '/home/Xilinx/Vivado/2019.1/data/ip'.
create_project: Time (s): cpu = 00:00:13 ; elapsed = 00:00:18 . Memory (MB): peak = 6586.977 ; gain = 94.641 ; free physical = 75 ; free virtual = 10486
set_property compxlib.vcs_compiled_library_dir /home/ICer/xilinx_vcs_lib [current_project]
file mkdir /home/ICer/xilinx_prj/latch/latch.srcs/sources_1/new
close [ open /home/ICer/xilinx_prj/latch/latch.srcs/sources_1/new/mem.v w ]
add_files /home/ICer/xilinx_prj/latch/latch.srcs/sources_1/new/mem.v
update_compile_order -fileset sources_1
WARNING: [IP_Flow 19-3899] Cannot get the environment domain name variable for the component vendor name. Setting the vendor name to 'user.org'.
WARNING: [IP_Flow 19-3899] Cannot get the environment domain name variable for the component vendor name. Setting the vendor name to 'user.org'.
WARNING: [IP_Flow 19-3899] Cannot get the environment domain name variable for the component vendor name. Setting the vendor name to 'user.org'.
export_ip_user_files -of_objects  [get_files /home/ICer/xilinx_prj/latch/latch.srcs/sources_1/new/mem.v] -no_script -reset -force -quiet
remove_files  /home/ICer/xilinx_prj/latch/latch.srcs/sources_1/new/mem.v
file delete -force /home/ICer/xilinx_prj/latch/latch.srcs/sources_1/new/mem.v
close [ open /home/ICer/xilinx_prj/latch/latch.srcs/sources_1/new/ram_model.v w ]
add_files /home/ICer/xilinx_prj/latch/latch.srcs/sources_1/new/ram_model.v
WARNING: [IP_Flow 19-3899] Cannot get the environment domain name variable for the component vendor name. Setting the vendor name to 'user.org'.
WARNING: [IP_Flow 19-3899] Cannot get the environment domain name variable for the component vendor name. Setting the vendor name to 'user.org'.
WARNING: [IP_Flow 19-3899] Cannot get the environment domain name variable for the component vendor name. Setting the vendor name to 'user.org'.
WARNING: [IP_Flow 19-3899] Cannot get the environment domain name variable for the component vendor name. Setting the vendor name to 'user.org'.
WARNING: [IP_Flow 19-3899] Cannot get the environment domain name variable for the component vendor name. Setting the vendor name to 'user.org'.
WARNING: [IP_Flow 19-3899] Cannot get the environment domain name variable for the component vendor name. Setting the vendor name to 'user.org'.
close [ open /home/ICer/xilinx_prj/latch/latch.srcs/sources_1/new/tb_latch.sv w ]
add_files /home/ICer/xilinx_prj/latch/latch.srcs/sources_1/new/tb_latch.sv
update_compile_order -fileset sources_1
set_property top tb_latch [get_filesets sim_1]
set_property top_lib xil_defaultlib [get_filesets sim_1]
launch_simulation
INFO: [Vivado 12-5682] Launching behavioral simulation in '/home/ICer/xilinx_prj/latch/latch.sim/sim_1/behav/xsim'
INFO: [SIM-utils-51] Simulation object is 'sim_1'
INFO: [SIM-utils-54] Inspecting design source files for 'tb_latch' in fileset 'sim_1'...
INFO: [USF-XSim-97] Finding global include files...
INFO: [USF-XSim-98] Fetching design files from 'sim_1'...
INFO: [USF-XSim-2] XSim::Compile design
INFO: [USF-XSim-61] Executing 'COMPILE and ANALYZE' step in '/home/ICer/xilinx_prj/latch/latch.sim/sim_1/behav/xsim'
xvlog --incr --relax -prj tb_latch_vlog.prj
INFO: [VRFC 10-2263] Analyzing SystemVerilog file "/home/ICer/xilinx_prj/latch/latch.srcs/sources_1/new/tb_latch.sv" into library xil_defaultlib
INFO: [VRFC 10-311] analyzing module tb_latch
INFO: [VRFC 10-2263] Analyzing Verilog file "/home/ICer/xilinx_prj/latch/latch.sim/sim_1/behav/xsim/glbl.v" into library xil_defaultlib
INFO: [VRFC 10-311] analyzing module glbl
INFO: [USF-XSim-69] 'compile' step finished in '3' seconds
INFO: [USF-XSim-3] XSim::Elaborate design
INFO: [USF-XSim-61] Executing 'ELABORATE' step in '/home/ICer/xilinx_prj/latch/latch.sim/sim_1/behav/xsim'
xelab -wto 75b41ef239b246479e6e6fe2a1911621 --incr --debug typical --relax --mt 8 -L xil_defaultlib -L unisims_ver -L unimacro_ver -L secureip --snapshot tb_latch_behav xil_defaultlib.tb_latch xil_defaultlib.glbl -log elaborate.log
Vivado Simulator 2019.1
Copyright 1986-1999, 2001-2019 Xilinx, Inc. All Rights Reserved.
Running: /home/Xilinx/Vivado/2019.1/bin/unwrapped/lnx64.o/xelab -wto 75b41ef239b246479e6e6fe2a1911621 --incr --debug typical --relax --mt 8 -L xil_defaultlib -L unisims_ver -L unimacro_ver -L secureip --snapshot tb_latch_behav xil_defaultlib.tb_latch xil_defaultlib.glbl -log elaborate.log 
Using 8 slave threads.
Starting static elaboration
Completed static elaboration
Starting simulation data flow analysis
Completed simulation data flow analysis
Time Resolution for simulation is 1ps
Compiling module xil_defaultlib.tb_latch
Compiling module xil_defaultlib.glbl
Built simulation snapshot tb_latch_behav

****** Webtalk v2019.1 (64-bit)
  **** SW Build 2552052 on Fri May 24 14:47:09 MDT 2019
  **** IP Build 2548770 on Fri May 24 18:01:18 MDT 2019
    ** Copyright 1986-2019 Xilinx, Inc. All Rights Reserved.

source /home/ICer/xilinx_prj/latch/latch.sim/sim_1/behav/xsim/xsim.dir/tb_latch_behav/webtalk/xsim_webtalk.tcl -notrace
INFO: [Common 17-41] Interrupt caught. Command should exit soon.
INFO: [Common 17-206] Exiting Webtalk at Wed Mar 20 15:03:39 2024...
run_program: Time (s): cpu = 00:00:01 ; elapsed = 00:00:07 . Memory (MB): peak = 6963.418 ; gain = 8.000 ; free physical = 116 ; free virtual = 10318
INFO: [Common 17-344] 'run_program' was cancelled
INFO: [Vivado 12-5357] 'elaborate' step aborted
launch_simulation: Time (s): cpu = 00:00:04 ; elapsed = 00:00:11 . Memory (MB): peak = 6963.418 ; gain = 8.000 ; free physical = 109 ; free virtual = 10318
INFO: [Common 17-344] 'launch_simulation' was cancelled
launch_simulation
INFO: [Vivado 12-5682] Launching behavioral simulation in '/home/ICer/xilinx_prj/latch/latch.sim/sim_1/behav/xsim'
INFO: [SIM-utils-51] Simulation object is 'sim_1'
INFO: [SIM-utils-54] Inspecting design source files for 'tb_latch' in fileset 'sim_1'...
INFO: [USF-XSim-97] Finding global include files...
INFO: [USF-XSim-98] Fetching design files from 'sim_1'...
INFO: [USF-XSim-2] XSim::Compile design
INFO: [USF-XSim-61] Executing 'COMPILE and ANALYZE' step in '/home/ICer/xilinx_prj/latch/latch.sim/sim_1/behav/xsim'
xvlog --incr --relax -prj tb_latch_vlog.prj
INFO: [VRFC 10-2263] Analyzing SystemVerilog file "/home/ICer/xilinx_prj/latch/latch.srcs/sources_1/new/tb_latch.sv" into library xil_defaultlib
INFO: [VRFC 10-311] analyzing module tb_latch
INFO: [USF-XSim-69] 'compile' step finished in '1' seconds
INFO: [USF-XSim-3] XSim::Elaborate design
INFO: [USF-XSim-61] Executing 'ELABORATE' step in '/home/ICer/xilinx_prj/latch/latch.sim/sim_1/behav/xsim'
xelab -wto 75b41ef239b246479e6e6fe2a1911621 --incr --debug typical --relax --mt 8 -L xil_defaultlib -L unisims_ver -L unimacro_ver -L secureip --snapshot tb_latch_behav xil_defaultlib.tb_latch xil_defaultlib.glbl -log elaborate.log
Vivado Simulator 2019.1
Copyright 1986-1999, 2001-2019 Xilinx, Inc. All Rights Reserved.
Running: /home/Xilinx/Vivado/2019.1/bin/unwrapped/lnx64.o/xelab -wto 75b41ef239b246479e6e6fe2a1911621 --incr --debug typical --relax --mt 8 -L xil_defaultlib -L unisims_ver -L unimacro_ver -L secureip --snapshot tb_latch_behav xil_defaultlib.tb_latch xil_defaultlib.glbl -log elaborate.log 
Using 8 slave threads.
Starting static elaboration
Completed static elaboration
Starting simulation data flow analysis
Completed simulation data flow analysis
Time Resolution for simulation is 1ps
Compiling module xil_defaultlib.tb_latch
Compiling module xil_defaultlib.glbl
Built simulation snapshot tb_latch_behav
INFO: [USF-XSim-69] 'elaborate' step finished in '1' seconds
INFO: [USF-XSim-4] XSim::Simulate design
INFO: [USF-XSim-61] Executing 'SIMULATE' step in '/home/ICer/xilinx_prj/latch/latch.sim/sim_1/behav/xsim'
INFO: [USF-XSim-98] *** Running xsim
   with args "tb_latch_behav -key {Behavioral:sim_1:Functional:tb_latch} -tclbatch {tb_latch.tcl} -log {simulate.log}"
INFO: [USF-XSim-8] Loading simulator feature
Vivado Simulator 2019.1
Time resolution is 1 ps
source tb_latch.tcl
# set curr_wave [current_wave_config]
# if { [string length $curr_wave] == 0 } {
#   if { [llength [get_objects]] > 0} {
#     add_wave /
#     set_property needs_save false [current_wave_config]
#   } else {
#      send_msg_id Add_Wave-1 WARNING "No top level signals found. Simulator will start without a wave window. If you want to open a wave window go to 'File->New Waveform Configuration' or type 'create_wave_config' in the TCL console."
#   }
# }
# run 1000ns
xsim: Time (s): cpu = 00:00:05 ; elapsed = 00:00:05 . Memory (MB): peak = 7059.883 ; gain = 76.520 ; free physical = 71 ; free virtual = 10274
INFO: [USF-XSim-96] XSim completed. Design snapshot 'tb_latch_behav' loaded.
INFO: [USF-XSim-97] XSim simulation ran for 1000ns
launch_simulation: Time (s): cpu = 00:00:09 ; elapsed = 00:00:11 . Memory (MB): peak = 7059.883 ; gain = 88.457 ; free physical = 60 ; free virtual = 10274
run all
relaunch_sim
INFO: [Vivado 12-5682] Launching behavioral simulation in '/home/ICer/xilinx_prj/latch/latch.sim/sim_1/behav/xsim'
INFO: [SIM-utils-51] Simulation object is 'sim_1'
INFO: [SIM-utils-54] Inspecting design source files for 'tb_latch' in fileset 'sim_1'...
INFO: [USF-XSim-97] Finding global include files...
INFO: [USF-XSim-98] Fetching design files from 'sim_1'...
INFO: [USF-XSim-2] XSim::Compile design
INFO: [USF-XSim-61] Executing 'COMPILE and ANALYZE' step in '/home/ICer/xilinx_prj/latch/latch.sim/sim_1/behav/xsim'
xvlog --incr --relax -prj tb_latch_vlog.prj
INFO: [VRFC 10-2263] Analyzing SystemVerilog file "/home/ICer/xilinx_prj/latch/latch.srcs/sources_1/new/tb_latch.sv" into library xil_defaultlib
INFO: [VRFC 10-311] analyzing module tb_latch
INFO: [USF-XSim-69] 'compile' step finished in '2' seconds
INFO: [Vivado 12-5682] Launching behavioral simulation in '/home/ICer/xilinx_prj/latch/latch.sim/sim_1/behav/xsim'
INFO: [USF-XSim-3] XSim::Elaborate design
INFO: [USF-XSim-61] Executing 'ELABORATE' step in '/home/ICer/xilinx_prj/latch/latch.sim/sim_1/behav/xsim'
xelab -wto 75b41ef239b246479e6e6fe2a1911621 --incr --debug typical --relax --mt 8 -L xil_defaultlib -L unisims_ver -L unimacro_ver -L secureip --snapshot tb_latch_behav xil_defaultlib.tb_latch xil_defaultlib.glbl -log elaborate.log
Vivado Simulator 2019.1
Copyright 1986-1999, 2001-2019 Xilinx, Inc. All Rights Reserved.
Running: /home/Xilinx/Vivado/2019.1/bin/unwrapped/lnx64.o/xelab -wto 75b41ef239b246479e6e6fe2a1911621 --incr --debug typical --relax --mt 8 -L xil_defaultlib -L unisims_ver -L unimacro_ver -L secureip --snapshot tb_latch_behav xil_defaultlib.tb_latch xil_defaultlib.glbl -log elaborate.log 
Using 8 slave threads.
Starting static elaboration
Completed static elaboration
Starting simulation data flow analysis
Completed simulation data flow analysis
Time Resolution for simulation is 1ps
Compiling module xil_defaultlib.tb_latch
Compiling module xil_defaultlib.glbl
Built simulation snapshot tb_latch_behav
INFO: [USF-XSim-69] 'elaborate' step finished in '2' seconds
Vivado Simulator 2019.1
Time resolution is 1 ps
relaunch_sim: Time (s): cpu = 00:00:08 ; elapsed = 00:00:10 . Memory (MB): peak = 7059.883 ; gain = 0.000 ; free physical = 78 ; free virtual = 10301
run all
$finish called at time : 21800 ns : File "/home/ICer/xilinx_prj/latch/latch.srcs/sources_1/new/tb_latch.sv" Line 53
Memory in use : 124788 KB (peak memory: 182320 KB)     CPU usage : 40 ms
relaunch_sim
INFO: [Vivado 12-5682] Launching behavioral simulation in '/home/ICer/xilinx_prj/latch/latch.sim/sim_1/behav/xsim'
INFO: [SIM-utils-51] Simulation object is 'sim_1'
INFO: [SIM-utils-54] Inspecting design source files for 'tb_latch' in fileset 'sim_1'...
INFO: [USF-XSim-97] Finding global include files...
INFO: [USF-XSim-98] Fetching design files from 'sim_1'...
INFO: [USF-XSim-2] XSim::Compile design
INFO: [USF-XSim-61] Executing 'COMPILE and ANALYZE' step in '/home/ICer/xilinx_prj/latch/latch.sim/sim_1/behav/xsim'
xvlog --incr --relax -prj tb_latch_vlog.prj
INFO: [VRFC 10-2263] Analyzing Verilog file "/home/ICer/xilinx_prj/latch/latch.srcs/sources_1/new/ram_model.v" into library xil_defaultlib
INFO: [VRFC 10-311] analyzing module ram_model
INFO: [VRFC 10-2263] Analyzing SystemVerilog file "/home/ICer/xilinx_prj/latch/latch.srcs/sources_1/new/tb_latch.sv" into library xil_defaultlib
INFO: [VRFC 10-311] analyzing module tb_latch
INFO: [USF-XSim-69] 'compile' step finished in '3' seconds
INFO: [Vivado 12-5682] Launching behavioral simulation in '/home/ICer/xilinx_prj/latch/latch.sim/sim_1/behav/xsim'
INFO: [USF-XSim-3] XSim::Elaborate design
INFO: [USF-XSim-61] Executing 'ELABORATE' step in '/home/ICer/xilinx_prj/latch/latch.sim/sim_1/behav/xsim'
xelab -wto 75b41ef239b246479e6e6fe2a1911621 --incr --debug typical --relax --mt 8 -L xil_defaultlib -L unisims_ver -L unimacro_ver -L secureip --snapshot tb_latch_behav xil_defaultlib.tb_latch xil_defaultlib.glbl -log elaborate.log
Vivado Simulator 2019.1
Copyright 1986-1999, 2001-2019 Xilinx, Inc. All Rights Reserved.
Running: /home/Xilinx/Vivado/2019.1/bin/unwrapped/lnx64.o/xelab -wto 75b41ef239b246479e6e6fe2a1911621 --incr --debug typical --relax --mt 8 -L xil_defaultlib -L unisims_ver -L unimacro_ver -L secureip --snapshot tb_latch_behav xil_defaultlib.tb_latch xil_defaultlib.glbl -log elaborate.log 
Using 8 slave threads.
Starting static elaboration
Completed static elaboration
Starting simulation data flow analysis
Completed simulation data flow analysis
Time Resolution for simulation is 1ps
Compiling module xil_defaultlib.ram_model
Compiling module xil_defaultlib.tb_latch
Compiling module xil_defaultlib.glbl
Built simulation snapshot tb_latch_behav
INFO: [USF-XSim-69] 'elaborate' step finished in '3' seconds
Vivado Simulator 2019.1
Time resolution is 1 ps
relaunch_sim: Time (s): cpu = 00:00:05 ; elapsed = 00:00:10 . Memory (MB): peak = 7107.898 ; gain = 16.004 ; free physical = 72 ; free virtual = 10094
update_compile_order -fileset sources_1
current_wave_config {Untitled 1}
Untitled 1
add_wave {{/tb_latch/u_dut/mem}} 
current_wave_config {Untitled 1}
Untitled 1
add_wave {{/tb_latch/u_dut/mem[0]}} {{/tb_latch/u_dut/mem[1]}} {{/tb_latch/u_dut/mem[2]}} {{/tb_latch/u_dut/mem[3]}} {{/tb_latch/u_dut/mem[4]}} {{/tb_latch/u_dut/mem[5]}} {{/tb_latch/u_dut/mem[6]}} {{/tb_latch/u_dut/mem[7]}} {{/tb_latch/u_dut/mem[8]}} 
relaunch_sim
INFO: [Vivado 12-5682] Launching behavioral simulation in '/home/ICer/xilinx_prj/latch/latch.sim/sim_1/behav/xsim'
INFO: [SIM-utils-51] Simulation object is 'sim_1'
INFO: [SIM-utils-54] Inspecting design source files for 'tb_latch' in fileset 'sim_1'...
INFO: [USF-XSim-97] Finding global include files...
INFO: [USF-XSim-98] Fetching design files from 'sim_1'...
INFO: [USF-XSim-2] XSim::Compile design
INFO: [USF-XSim-61] Executing 'COMPILE and ANALYZE' step in '/home/ICer/xilinx_prj/latch/latch.sim/sim_1/behav/xsim'
xvlog --incr --relax -prj tb_latch_vlog.prj
INFO: [USF-XSim-69] 'compile' step finished in '-16' seconds
INFO: [Vivado 12-5682] Launching behavioral simulation in '/home/ICer/xilinx_prj/latch/latch.sim/sim_1/behav/xsim'
INFO: [USF-XSim-3] XSim::Elaborate design
INFO: [USF-XSim-61] Executing 'ELABORATE' step in '/home/ICer/xilinx_prj/latch/latch.sim/sim_1/behav/xsim'
xelab -wto 75b41ef239b246479e6e6fe2a1911621 --incr --debug typical --relax --mt 8 -L xil_defaultlib -L unisims_ver -L unimacro_ver -L secureip --snapshot tb_latch_behav xil_defaultlib.tb_latch xil_defaultlib.glbl -log elaborate.log
Vivado Simulator 2019.1
Copyright 1986-1999, 2001-2019 Xilinx, Inc. All Rights Reserved.
Running: /home/Xilinx/Vivado/2019.1/bin/unwrapped/lnx64.o/xelab -wto 75b41ef239b246479e6e6fe2a1911621 --incr --debug typical --relax --mt 8 -L xil_defaultlib -L unisims_ver -L unimacro_ver -L secureip --snapshot tb_latch_behav xil_defaultlib.tb_latch xil_defaultlib.glbl -log elaborate.log 
Using 8 slave threads.
Starting static elaboration
Completed static elaboration
INFO: [XSIM 43-4323] No Change in HDL. Linking previously generated obj files to create kernel
INFO: [USF-XSim-69] 'elaborate' step finished in '3' seconds
Vivado Simulator 2019.1
Time resolution is 1 ps
relaunch_sim: Time (s): cpu = 00:00:06 ; elapsed = 00:00:12 . Memory (MB): peak = 7123.906 ; gain = 0.000 ; free physical = 74 ; free virtual = 10126
run all
$finish called at time : 21800 ns : File "/home/ICer/xilinx_prj/latch/latch.srcs/sources_1/new/tb_latch.sv" Line 63
Memory in use : 124796 KB (peak memory: 182328 KB)     CPU usage : 70 ms
export_ip_user_files -no_script -force
INFO: [export_ip_user_files-Tcl-2] No IPs found in the project.
export_simulation  -lib_map_path "/home/ICer/xilinx_vcs_lib" -absolute_path -export_source_files -force -directory "/home/ICer/xilinx_prj/latch" -simulator vcs
INFO: [exportsim-Tcl-35] Exporting simulation files for "VCS" (Synopsys Verilog Compiler Simulator)...
INFO: [exportsim-Tcl-29] Script generated: '/home/ICer/xilinx_prj/latch/vcs/tb_latch.sh'
close_sim
INFO: [Simtcl 6-16] Simulation closed
exit
INFO: [Common 17-206] Exiting Vivado at Wed Mar 20 15:12:54 2024...
