#######################################################################################
# log primitive debug message of FSDB dumping                                         #
# This is for R&D to analyze when there are issues happening when FSDB dump           #
#######################################################################################
ANF: vcsd_get_serial_mode_status('./tb_latch_simv: undefined symbol: vcsd_get_serial_mode_status')
ANF: vcsd_enable_sva_success_callback('./tb_latch_simv: undefined symbol: vcsd_enable_sva_success_callback')
ANF: vcsd_disable_sva_success_callback('./tb_latch_simv: undefined symbol: vcsd_disable_sva_success_callback')
ANF: vcsd_get_thread_id('./tb_latch_simv: undefined symbol: vcsd_get_thread_id')
ANF: vcsd_get_power_scope_name('./tb_latch_simv: undefined symbol: vcsd_get_power_scope_name')
ANF: vcsd_begin_no_value_var_info('./tb_latch_simv: undefined symbol: vcsd_begin_no_value_var_info')
ANF: vcsd_end_no_value_var_info('./tb_latch_simv: undefined symbol: vcsd_end_no_value_var_info')
ANF: vcsd_remove_xprop_merge_mode_callback('./tb_latch_simv: undefined symbol: vcsd_remove_xprop_merge_mode_callback')
ANF: vcsd_node_check_native_callback('./tb_latch_simv: undefined symbol: vcsd_node_check_native_callback')
ANF: vcsd_node_add_native_callback('./tb_latch_simv: undefined symbol: vcsd_node_add_native_callback')
ANF: vcsdIsNativeVc('./tb_latch_simv: undefined symbol: vcsdIsNativeVc')
ANF: vhpi_get_cb_info('./tb_latch_simv: undefined symbol: vhpi_get_cb_info')
ANF: vhpi_free_handle('./tb_latch_simv: undefined symbol: vhpi_free_handle')
ANF: vhpi_fetch_vcsd_handle('./tb_latch_simv: undefined symbol: vhpi_fetch_vcsd_handle')
ANF: vhpi_fetch_vpi_handle('./tb_latch_simv: undefined symbol: vhpi_fetch_vpi_handle')
ANF: vhpi_has_verilog_parent('./tb_latch_simv: undefined symbol: vhpi_has_verilog_parent')
ANF: vhpi_is_verilog_scope('./tb_latch_simv: undefined symbol: vhpi_is_verilog_scope')
ANF: scsd_xprop_is_enabled('./tb_latch_simv: undefined symbol: scsd_xprop_is_enabled')
ANF: scsd_xprop_sig_is_promoted('./tb_latch_simv: undefined symbol: scsd_xprop_sig_is_promoted')
ANF: scsd_xprop_int_xvalue('./tb_latch_simv: undefined symbol: scsd_xprop_int_xvalue')
ANF: scsd_xprop_bool_xvalue('./tb_latch_simv: undefined symbol: scsd_xprop_bool_xvalue')
ANF: scsd_xprop_enum_xvalue('./tb_latch_simv: undefined symbol: scsd_xprop_enum_xvalue')
ANF: scsd_xprop_register_merge_mode_cb('./tb_latch_simv: undefined symbol: scsd_xprop_register_merge_mode_cb')
ANF: scsd_xprop_delete_merge_mode_cb('./tb_latch_simv: undefined symbol: scsd_xprop_delete_merge_mode_cb')
ANF: scsd_xprop_get_merge_mode('./tb_latch_simv: undefined symbol: scsd_xprop_get_merge_mode')
ANF: scsd_thread_get_info('./tb_latch_simv: undefined symbol: scsd_thread_get_info')
ANF: scsd_thread_vc_init('./tb_latch_simv: undefined symbol: scsd_thread_vc_init')
ANF: scsd_master_set_delta_sync_cbk('./tb_latch_simv: undefined symbol: scsd_master_set_delta_sync_cbk')
ANF: scsd_fgp_get_fsdb_cores('./tb_latch_simv: undefined symbol: scsd_fgp_get_fsdb_cores')
ANF: msvEnableDumpingMode('./tb_latch_simv: undefined symbol: msvEnableDumpingMode')
ANF: msvGetVersion('./tb_latch_simv: undefined symbol: msvGetVersion')
ANF: msvGetInstProp('./tb_latch_simv: undefined symbol: msvGetInstProp')
ANF: msvIsSpiceEngineReady('./tb_latch_simv: undefined symbol: msvIsSpiceEngineReady')
ANF: msvSetAddProbeCallback('./tb_latch_simv: undefined symbol: msvSetAddProbeCallback')
ANF: msvGetInstHandle('./tb_latch_simv: undefined symbol: msvGetInstHandle')
ANF: msvGetProbeByInst('./tb_latch_simv: undefined symbol: msvGetProbeByInst')
ANF: msvGetSigHandle('./tb_latch_simv: undefined symbol: msvGetSigHandle')
ANF: msvGetProbeBySig('./tb_latch_simv: undefined symbol: msvGetProbeBySig')
ANF: msvGetProbeInfo('./tb_latch_simv: undefined symbol: msvGetProbeInfo')
ANF: msvRelease('./tb_latch_simv: undefined symbol: msvRelease')
ANF: msvSetVcCallbackFunc('./tb_latch_simv: undefined symbol: msvSetVcCallbackFunc')
ANF: msvCheckVcCallback('./tb_latch_simv: undefined symbol: msvCheckVcCallback')
ANF: msvAddVcCallback('./tb_latch_simv: undefined symbol: msvAddVcCallback')
ANF: msvRemoveVcCallback('./tb_latch_simv: undefined symbol: msvRemoveVcCallback')
ANF: msvGetLatestValue('./tb_latch_simv: undefined symbol: msvGetLatestValue')
ANF: msvSetEndofSimCallback('./tb_latch_simv: undefined symbol: msvSetEndofSimCallback')
ANF: msvIgnoredProbe('./tb_latch_simv: undefined symbol: msvIgnoredProbe')
ANF: msvGetThruNetInfo('./tb_latch_simv: undefined symbol: msvGetThruNetInfo')
ANF: msvFreeThruNetInfo('./tb_latch_simv: undefined symbol: msvFreeThruNetInfo')
ANF: PI_ace_get_output_time_unit('./tb_latch_simv: undefined symbol: PI_ace_get_output_time_unit')
ANF: PI_ace_sim_sync('./tb_latch_simv: undefined symbol: PI_ace_sim_sync')
ANF: msvGetRereadInitFile('./tb_latch_simv: undefined symbol: msvGetRereadInitFile')
ANF: msvSetBeforeRereadCallback('./tb_latch_simv: undefined symbol: msvSetBeforeRereadCallback')
ANF: msvSetAfterRereadCallback('./tb_latch_simv: undefined symbol: msvSetAfterRereadCallback')
ANF: msvSetForceCallback('./tb_latch_simv: undefined symbol: msvSetForceCallback')
ANF: msvSetReleaseCallback('./tb_latch_simv: undefined symbol: msvSetReleaseCallback')
ANF: msvGetForceStatus('./tb_latch_simv: undefined symbol: msvGetForceStatus')
ANF: vdi_fn_trigger_native_init_force('./tb_latch_simv: undefined symbol: vdi_fn_trigger_native_init_force')
ANF: vdi_set_native_callback('./tb_latch_simv: undefined symbol: vdi_set_native_callback')
ANF: vdi_fn_check_native_callback('./tb_latch_simv: undefined symbol: vdi_fn_check_native_callback')
ANF: vdi_fn_add_native_callback('./tb_latch_simv: undefined symbol: vdi_fn_add_native_callback')
ANF: vhdi_dt_get_type('./tb_latch_simv: undefined symbol: vhdi_dt_get_type')
ANF: vhdi_dt_get_key('./tb_latch_simv: undefined symbol: vhdi_dt_get_key')
ANF: vhdi_dt_get_vhdl_enum_info('./tb_latch_simv: undefined symbol: vhdi_dt_get_vhdl_enum_info')
ANF: vhdi_dt_get_vhdl_physical_info('./tb_latch_simv: undefined symbol: vhdi_dt_get_vhdl_physical_info')
ANF: vhdi_dt_get_vhdl_array_info('./tb_latch_simv: undefined symbol: vhdi_dt_get_vhdl_array_info')
ANF: vhdi_dt_get_vhdl_record_info('./tb_latch_simv: undefined symbol: vhdi_dt_get_vhdl_record_info')
ANF: vhdi_def_traverse_module('./tb_latch_simv: undefined symbol: vhdi_def_traverse_module')
ANF: vhdi_def_traverse_scope('./tb_latch_simv: undefined symbol: vhdi_def_traverse_scope')
ANF: vhdi_def_traverse_variable('./tb_latch_simv: undefined symbol: vhdi_def_traverse_variable')
ANF: vhdi_def_get_module_id_by_vhpi('./tb_latch_simv: undefined symbol: vhdi_def_get_module_id_by_vhpi')
ANF: vhdi_def_get_handle_by_module_id('./tb_latch_simv: undefined symbol: vhdi_def_get_handle_by_module_id')
ANF: vhdi_def_get_variable_info_by_vhpi('./tb_latch_simv: undefined symbol: vhdi_def_get_variable_info_by_vhpi')
ANF: vhdi_def_free('./tb_latch_simv: undefined symbol: vhdi_def_free')
ANF: vhdi_ist_traverse_scope('./tb_latch_simv: undefined symbol: vhdi_ist_traverse_scope')
ANF: vhdi_ist_traverse_variable('./tb_latch_simv: undefined symbol: vhdi_ist_traverse_variable')
ANF: vhdi_ist_convert_by_vhpi('./tb_latch_simv: undefined symbol: vhdi_ist_convert_by_vhpi')
ANF: vhdi_ist_clone('./tb_latch_simv: undefined symbol: vhdi_ist_clone')
ANF: vhdi_ist_free('./tb_latch_simv: undefined symbol: vhdi_ist_free')
ANF: vhdi_ist_hash_key('./tb_latch_simv: undefined symbol: vhdi_ist_hash_key')
ANF: vhdi_ist_compare('./tb_latch_simv: undefined symbol: vhdi_ist_compare')
ANF: vhdi_ist_get_value_addr('./tb_latch_simv: undefined symbol: vhdi_ist_get_value_addr')
ANF: vhdi_set_scsd_callback('./tb_latch_simv: undefined symbol: vhdi_set_scsd_callback')
ANF: vhdi_cbk_set_force_callback('./tb_latch_simv: undefined symbol: vhdi_cbk_set_force_callback')
ANF: vhdi_trigger_init_force('./tb_latch_simv: undefined symbol: vhdi_trigger_init_force')
ANF: vhdi_ist_check_scsd_callback('./tb_latch_simv: undefined symbol: vhdi_ist_check_scsd_callback')
ANF: vhdi_ist_add_scsd_callback('./tb_latch_simv: undefined symbol: vhdi_ist_add_scsd_callback')
ANF: vhdi_ist_remove_scsd_callback('./tb_latch_simv: undefined symbol: vhdi_ist_remove_scsd_callback')
ANF: vhdi_ist_get_scsd_user_data('./tb_latch_simv: undefined symbol: vhdi_ist_get_scsd_user_data')
ANF: vhdi_add_time_change_callback('./tb_latch_simv: undefined symbol: vhdi_add_time_change_callback')
ANF: vhdi_get_real_value_by_value_addr('./tb_latch_simv: undefined symbol: vhdi_get_real_value_by_value_addr')
ANF: vhdi_get_64_value_by_value_addr('./tb_latch_simv: undefined symbol: vhdi_get_64_value_by_value_addr')
ANF: vhdi_xprop_inst_is_promoted('./tb_latch_simv: undefined symbol: vhdi_xprop_inst_is_promoted')
ANF: vdi_ist_convert_by_vhdi('./tb_latch_simv: undefined symbol: vdi_ist_convert_by_vhdi')
ANF: vhdi_ist_get_module_id('./tb_latch_simv: undefined symbol: vhdi_ist_get_module_id')
ANF: vhdi_refine_foreign_scope_type('./tb_latch_simv: undefined symbol: vhdi_refine_foreign_scope_type')
ANF: vhdi_flush_callback('./tb_latch_simv: undefined symbol: vhdi_flush_callback')
ANF: vhdi_set_orig_name('./tb_latch_simv: undefined symbol: vhdi_set_orig_name')
ANF: vhdi_set_dump_pt('./tb_latch_simv: undefined symbol: vhdi_set_dump_pt')
ANF: vhdi_get_fsdb_option('./tb_latch_simv: undefined symbol: vhdi_get_fsdb_option')
ANF: vhdi_fgp_get_mode('./tb_latch_simv: undefined symbol: vhdi_fgp_get_mode')
ANF: vhdi_node_register_composite_var('./tb_latch_simv: undefined symbol: vhdi_node_register_composite_var')
ANF: vhdi_node_analysis('./tb_latch_simv: undefined symbol: vhdi_node_analysis')
ANF: vhdi_node_id('./tb_latch_simv: undefined symbol: vhdi_node_id')
ANF: vhdi_node_ist_check_scsd_callback('./tb_latch_simv: undefined symbol: vhdi_node_ist_check_scsd_callback')
ANF: vhdi_node_ist_add_scsd_callback('./tb_latch_simv: undefined symbol: vhdi_node_ist_add_scsd_callback')
ANF: vhdi_node_ist_get_value_addr('./tb_latch_simv: undefined symbol: vhdi_node_ist_get_value_addr')
VCS compile option:
 option[0]: ./tb_latch_simv
 option[1]: -ucli
 option[2]: -licqueue
 option[3]: -l
 option[4]: simulate.log
 option[5]: -do
 option[6]: simulate.do
 option[7]: /home/synopsys/vcs-mx/O-2018.09-1/linux64/bin/vcs1
 option[8]: -Mcc=gcc
 option[9]: -Mcplusplus=g++
 option[10]: -Masflags=
 option[11]: -Mcfl= -pipe -fPIC -O -I/home/synopsys/vcs-mx/O-2018.09-1/include 
 option[12]: -Mxcflags= -pipe -fPIC -I/home/synopsys/vcs-mx/O-2018.09-1/include
 option[13]: -Mldflags= -rdynamic 
 option[14]: -Mout=tb_latch_simv
 option[15]: -Mamsrun=
 option[16]: -Mvcsaceobjs=
 option[17]: -Mobjects= /home/synopsys/vcs-mx/O-2018.09-1/linux64/lib/liberrorinf.so /home/synopsys/vcs-mx/O-2018.09-1/linux64/lib/libsnpsmalloc.so /home/synopsys/vcs-mx/O-2018.09-1/linux64/lib/libvfs.so 
 option[18]: -Mexternalobj=
 option[19]: -Msaverestoreobj=/home/synopsys/vcs-mx/O-2018.09-1/linux64/lib/vcs_save_restore_new.o
 option[20]: -Mcrt0=
 option[21]: -Mcrtn=
 option[22]: -Mcsrc=
 option[23]: -Msyslibs=/home/synopsys/verdi/Verdi_O-2018.09-SP2/share/PLI/VCS/LINUX64/pli.a -ldl 
 option[24]: -l
 option[25]: elaborate.log
 option[26]: -uum
 option[27]: xil_defaultlib.tb_latch
 option[28]: xil_defaultlib.glbl
 option[29]: -Xvcs_run_simv=1
 option[30]: -mxunielab
 option[31]: -uni_make
 option[32]: -full64
 option[33]: -Xcbug=0x1
 option[34]: -fsdb
 option[35]: -P
 option[36]: /home/synopsys/verdi/Verdi_O-2018.09-SP2/share/PLI/VCS/LINUX64/verdi.tab
 option[37]: +vcs+lic+wait
 option[38]: -o
 option[39]: tb_latch_simv
 option[40]: -uum
 option[41]: -elaboration_options=/tmp/vcs_20240320071432_19614/elaboptfile_19614
 option[42]: -full64
 option[43]: -picarchive
 option[44]: +vcsd
 option[45]: +itf+/home/synopsys/vcs-mx/O-2018.09-1/linux64/lib/vcsdp.tab
 option[46]: +cli+1
 option[47]: -debug=1
 option[48]: +memcbk
 option[49]: +vpi
 option[50]: -VHDLelab=-mxunielab -uni_make -nc -R -fsdb -fsdb -t ps -licqueue -exe tb_latch_simv -uum -elaboration_options /tmp/vcs_20240320071432_19614/elaboptfile_19614 -picarchive -debug 1 
 option[51]: -gen_obj
 option[52]: -f
 option[53]: tb_latch_simv.daidir/mxopt.db
 option[54]: -load
 option[55]: /home/synopsys/verdi/Verdi_O-2018.09-SP2/share/PLI/VCS/LINUX64/libnovas.so:FSDBDumpCmd
Chronologic Simulation VCS Release O-2018.09-1_Full64
Linux 3.10.0-1160.53.1.el7.x86_64 #1 SMP Fri Jan 14 13:59:45 UTC 2022 x86_64
CPU cores: 2
Limit information:
======================================
cputime		unlimited
filesize		unlimited
datasize		unlimited
stacksize		8192 kbytes
coredumpsize		0 kbytes
memoryuse		unlimited
vmemoryuse		unlimited
descriptors		4096
memorylocked		64 kbytes
maxproc		4096
======================================
(Special)Runtime environment variables:

Runtime environment variables:
XDG_VTNR=1
LC_PAPER=zh_CN.UTF-8
XDG_SESSION_ID=1
SSH_AGENT_PID=3174
LC_MONETARY=zh_CN.UTF-8
HOSTNAME=IC_EDA
IMSETTINGS_INTEGRATE_DESKTOP=yes
XDG_MENU_PREFIX=gnome-
SHELL=/bin/bash
TERM=xterm-256color
VTE_VERSION=5204
HISTSIZE=1000
GNOME_TERMINAL_SCREEN=/org/gnome/Terminal/screen/61a3519a_2ccd_42b7_9686_9d7e129cc99f
QUESTASIM_HOME=/home/mentor/questasim
LC_NUMERIC=zh_CN.UTF-8
QTDIR=/usr/lib/qt-3.3
QTINC=/usr/lib/qt-3.3/include
QT_GRAPHICSSYSTEM_CHECKED=1
IMSETTINGS_MODULE=none
USER=ICer
LS_COLORS=rs=0:di=38;5;27:ln=38;5;51:mh=44;38;5;15:pi=40;38;5;11:so=38;5;13:do=38;5;5:bd=48;5;232;38;5;11:cd=48;5;232;38;5;3:or=48;5;232;38;5;9:mi=05;48;5;232;38;5;15:su=48;5;196;38;5;15:sg=48;5;11;38;5;16:ca=48;5;196;38;5;226:tw=48;5;10;38;5;16:ow=48;5;10;38;5;21:st=48;5;21;38;5;15:ex=38;5;34:*.tar=38;5;9:*.tgz=38;5;9:*.arc=38;5;9:*.arj=38;5;9:*.taz=38;5;9:*.lha=38;5;9:*.lz4=38;5;9:*.lzh=38;5;9:*.lzma=38;5;9:*.tlz=38;5;9:*.txz=38;5;9:*.tzo=38;5;9:*.t7z=38;5;9:*.zip=38;5;9:*.z=38;5;9:*.Z=38;5;9:*.dz=38;5;9:*.gz=38;5;9:*.lrz=38;5;9:*.lz=38;5;9:*.lzo=38;5;9:*.xz=38;5;9:*.bz2=38;5;9:*.bz=38;5;9:*.tbz=38;5;9:*.tbz2=38;5;9:*.tz=38;5;9:*.deb=38;5;9:*.rpm=38;5;9:*.jar=38;5;9:*.war=38;5;9:*.ear=38;5;9:*.sar=38;5;9:*.rar=38;5;9:*.alz=38;5;9:*.ace=38;5;9:*.zoo=38;5;9:*.cpio=38;5;9:*.7z=38;5;9:*.rz=38;5;9:*.cab=38;5;9:*.jpg=38;5;13:*.jpeg=38;5;13:*.gif=38;5;13:*.bmp=38;5;13:*.pbm=38;5;13:*.pgm=38;5;13:*.ppm=38;5;13:*.tga=38;5;13:*.xbm=38;5;13:*.xpm=38;5;13:*.tif=38;5;13:*.tiff=38;5;13:*.png=38;5;13:*.svg=38;5;13:*.svgz=38;5;13:*.mng=38;5;13:*.pcx=38;5;13:*.mov=38;5;13:*.mpg=38;5;13:*.mpeg=38;5;13:*.m2v=38;5;13:*.mkv=38;5;13:*.webm=38;5;13:*.ogm=38;5;13:*.mp4=38;5;13:*.m4v=38;5;13:*.mp4v=38;5;13:*.vob=38;5;13:*.qt=38;5;13:*.nuv=38;5;13:*.wmv=38;5;13:*.asf=38;5;13:*.rm=38;5;13:*.rmvb=38;5;13:*.flc=38;5;13:*.avi=38;5;13:*.fli=38;5;13:*.flv=38;5;13:*.gl=38;5;13:*.dl=38;5;13:*.xcf=38;5;13:*.xwd=38;5;13:*.yuv=38;5;13:*.cgm=38;5;13:*.emf=38;5;13:*.axv=38;5;13:*.anx=38;5;13:*.ogv=38;5;13:*.ogx=38;5;13:*.aac=38;5;45:*.au=38;5;45:*.flac=38;5;45:*.mid=38;5;45:*.midi=38;5;45:*.mka=38;5;45:*.mp3=38;5;45:*.mpc=38;5;45:*.ogg=38;5;45:*.ra=38;5;45:*.wav=38;5;45:*.axa=38;5;45:*.oga=38;5;45:*.spx=38;5;45:*.xspf=38;5;45:
LD_LIBRARY_PATH=:/home/synopsys/verdi/Verdi_O-2018.09-SP2/share/PLI/lib/LINUX64:/home/synopsys/verdi/Verdi_O-2018.09-SP2/share/PLI/IUS/LINUX64/boot:/home/cadence/INCISIVE152/tools.lnx86/lib
GNOME_TERMINAL_SERVICE=:1.103
SSH_AUTH_SOCK=/run/user/1000/keyring/ssh
DVE_HOME=/home/synopsys/vcs-mx/O-2018.09-1
USERNAME=ICer
SESSION_MANAGER=local/unix:@/tmp/.ICE-unix/3045,unix/unix:/tmp/.ICE-unix/3045
SNPSLMD_LICENSE_FILE=27000@IC_EDA
MMSIMHOME=/home/cadence/MMSIM151
GNOME_SHELL_SESSION_MODE=classic
DESKTOP_SESSION=gnome-classic
MAIL=/var/spool/mail/ICer
PATH=/home/Xilinx/SDK/2019.1/bin:/home/Xilinx/SDK/2019.1/gnu/microblaze/lin/bin:/home/Xilinx/SDK/2019.1/gnu/arm/lin/bin:/home/Xilinx/SDK/2019.1/gnu/microblaze/linux_toolchain/lin64_le/bin:/home/Xilinx/SDK/2019.1/gnu/aarch32/lin/gcc-arm-linux-gnueabi/bin:/home/Xilinx/SDK/2019.1/gnu/aarch32/lin/gcc-arm-none-eabi/bin:/home/Xilinx/SDK/2019.1/gnu/aarch64/lin/aarch64-linux/bin:/home/Xilinx/SDK/2019.1/gnu/aarch64/lin/aarch64-none/bin:/home/Xilinx/SDK/2019.1/gnu/armr5/lin/gcc-arm-none-eabi/bin:/home/Xilinx/SDK/2019.1/tps/lnx64/cmake-3.3.2/bin:/home/Xilinx/Vivado/2019.1/bin:/home/Xilinx/DocNav:/usr/lib/qt-3.3/bin:/usr/local/bin:/usr/local/sbin:/usr/bin:/usr/sbin:/bin:/sbin:/home/synopsys/fpga/N-2018.03-SP1/bin:/home/synopsys/pts/O-2018.06-SP1/bin:/home/synopsys/icc2/O-2018.06-SP1/bin:/home/synopsys/syn/O-2018.06-SP1/bin:/home/synopsys/lc/O-2018.06-SP1/bin:/home/synopsys/SpyGlass-L2016.06/SPYGLASS_HOME//bin:/home/synopsys/vcs-mx/O-2018.09-1/gui/dve/bin:/home/synopsys/vcs-mx/O-2018.09-1/bin:/home/synopsys/verdi/Verdi_O-2018.09-SP2/bin:/home/synopsys/scl/2018.06/linux64/bin::/home/cadence/IC617/tools/dfII/bin:/home/cadence/IC617/tools/plot/bin:/home/cadence/INCISIVE152/tools/bin:/home/cadence/MMSIM151/bin:/home/cadence/MMSIM151/tools/relxpert/bin:/home/cadence/INCISIVE152/bin:/home/cadence/INCISIVE152/tools.lnx86/bin:/home/cadence/INCISIVE152/tools.lnx86/dfII/bin:/home/mentor/questasim/linux_x86_64:/home/Riscv_Tools/bin:/home/Riscv_Tools/riscv-gnu-toolchain/qemu-6.0.0/build/riscv32-linux-user
PT_HOME=/home/synopsys/pts/O-2018.06-SP1
QT_IM_MODULE=ibus
VERDI_HOME=/home/synopsys/verdi/Verdi_O-2018.09-SP2
CALIBRE_HOME=/home/mentor//Calibre2015/aoi_cal_2015.2_36.27
PWD=/home/ICer/xilinx_prj/latch/vcs
XDG_SESSION_TYPE=x11
MGC_CALIBRE_LAYOUT_SERVER=IC_EDA:9189
XMODIFIERS=@im=ibus
VCS_HOME=/home/synopsys/vcs-mx/O-2018.09-1
LANG=zh_CN.UTF-8
MGC_CALIBRE_SCHEMATIC_SERVER=IC_EDA:9199
GDM_LANG=zh_CN.UTF-8
LC_MEASUREMENT=zh_CN.UTF-8
KDEDIRS=/usr
VCS_ARCH_OVERRIDE=linux
CDSHOME=/home/cadence/IC617
GDMSESSION=gnome-classic
XILINX_VIVADO=/home/Xilinx/Vivado/2019.1
QEMU_HOME=/home/Riscv_Tools/riscv-gnu-toolchain/qemu-6.0.0
HISTCONTROL=ignoredups
SPECMAN_HOME=/home/cadence/INCISIVE152/components/sn
HOME=/home/ICer
SHLVL=3
XDG_SEAT=seat0
RISCV=/home/Riscv_Tools
ICC2_HOME=/home/synopsys/icc2/O-2018.06-SP1
MGC_HOME=/home/mentor/
GNOME_DESKTOP_SESSION_ID=this-is-deprecated
MGC_LICENSE_FILE=/home/mentor//license/license.dat
CADHOME=/home/cadence
LOGNAME=ICer
XDG_SESSION_DESKTOP=gnome-classic
DC_HOME=/home/synopsys/syn/O-2018.06-SP1
QTLIB=/usr/lib/qt-3.3/lib
SPYGLASS_HOME=/home/synopsys/SpyGlass-L2016.06/SPYGLASS_HOME/
MGLS_LICENSE_FILE=/home/mentor/questasim/mentor.dat
DBUS_SESSION_BUS_ADDRESS=unix:abstract=/tmp/dbus-315wJwPjhC,guid=afe01f37ebe7f32e78fc611965fa8499
XDG_DATA_DIRS=/home/ICer/.local/share/flatpak/exports/share/:/var/lib/flatpak/exports/share/:/usr/local/share/:/usr/share/
CDS_LIC_FILE=/home/cadence/license/cadence.dat
LESSOPEN=||/usr/bin/lesspipe.sh %s
SPECMAN_DIR=/home/cadence/INCISIVE152/components/sn/
SCL_HOME=/home/synopsys/scl/2018.06
WINDOWPATH=1
DISPLAY=:0
XDG_RUNTIME_DIR=/run/user/1000
SYNPLIFY_HOME=/home/synopsys/fpga/N-2018.03-SP1
QT_PLUGIN_PATH=/usr/lib64/kde4/plugins:/usr/lib/kde4/plugins
LC_HOME=/home/synopsys/lc/O-2018.06-SP1
XDG_CURRENT_DESKTOP=GNOME-Classic:GNOME
INCISIVE_HOME=/home/cadence/INCISIVE152
LC_TIME=zh_CN.UTF-8
XAUTHORITY=/run/gdm/auth-for-ICer-QatcPb/database
COLORTERM=truecolor
_=./tb_latch_simv
VCS_HEAP_EXEC=true
VCS_PATHMAP_PRELOAD_DONE=1
VCS_STACK_EXEC=true
VCS_EXEC_DONE=1
LC_ALL=C
DVE=/home/synopsys/vcs-mx/O-2018.09-1/gui/dve
SPECMAN_OUTPUT_TO_TTY=1
Runtime command line arguments:
argv[0]=./tb_latch_simv
argv[1]=-ucli
argv[2]=-licqueue
argv[3]=-l
argv[4]=simulate.log
argv[5]=-do
argv[6]=simulate.do
289 profile - 100
          CPU/Mem usage: 0.040 sys,  0.240 user,  316.87M mem
290 Wed Mar 20 15:14:36 2024
291 pliAppInit
292 FSDB_GATE is set.
293 FSDB_RTL is set.
294 Enable Parallel Dumping.
295 pliAppMiscSet: New Sim Round
296 pliEntryInit
297 LIBSSCORE=found /home/synopsys/verdi/Verdi_O-2018.09-SP2/share/PLI/lib/LINUXAMD64/libsscore_vcs201809.so through $NOVAS_HOME setting.
298 FSDB Dumper for VCS, Release Verdi_O-2018.09-SP2, Linux x86_64/64bit, 02/21/2019
299 (C) 1996 - 2019 by Synopsys, Inc.
300 FSDB_VCS_ENABLE_FAST_VC is enable
301 sps_call_fsdbAutoSwitchDumpfile_main_vd at 0 : /home/ICer/xilinx_prj/latch/vcs/srcs/tb_latch.sv(67)
302 sps_call_fsdbAutoSwitchDumpfile at 0 : /home/ICer/xilinx_prj/latch/vcs/srcs/tb_latch.sv(67)
303 argv[0]: (10000)
304 argv[1]: (tb_latch.fsdb)
305 argv[2]: (100)
306 argv[3]: (wave_file.log)
307 *Verdi* FSDB WARNING: The FSDB file already exists. Overwriting the FSDB file may crash the programs that are using this file.
308 *Verdi* FSDB: The switch FSDB file size might not match the input size (10000MB) because of performance concerns.
309 *Verdi* FSDB: To have the FSDB file size match the input size (10000MB), set the FSDB_ENV_PRECISE_AUTOSWITCH environment, though the dumping performance might decrease.
310 *Verdi* : Enable automatic switching of the FSDB file.
311 *Verdi* : (Filename='tb_latch', Limit Size=10000MB, File Amount=100).
312 *Verdi* : Create FSDB file 'tb_latch_000.fsdb'
313 compile option from '/home/ICer/xilinx_prj/latch/vcs/tb_latch_simv.daidir/vcs_rebuild'.
314   "vcs '-full64' '-debug_pp' '-R' '-fsdb' '-t' 'ps' '-licqueue' '-l' 'elaborate.log' 'xil_defaultlib.tb_latch' 'xil_defaultlib.glbl' '-o' 'tb_latch_simv' "-Xrebuild" "-makedepends=Makefile.Msimdepends""
315   "gmake -f Makefile.Msimdepends"
316   "vcs '-full64' '-debug_pp' '-R' '-fsdb' '-t' 'ps' '-licqueue' '-l' 'elaborate.log' 'xil_defaultlib.tb_latch' 'xil_defaultlib.glbl' '-o' 'tb_latch_simv' 2>&1"
317 *Verdi* : Create the file 'wave_file.log' to log the time range of each FSDB file.
318 *Verdi* : Create virtual FSDB file 'tb_latch.vf' to log each FSDB file.
319 sps_call_fsdbDumpvars_vd_main at 0 : /home/ICer/xilinx_prj/latch/vcs/srcs/tb_latch.sv(68)
320 argv[0]: (0)
321 argv[1]: (handle) tb_latch
322 [spi_vcs_vd_ppi_create_root]: no upf option
323 FSDB dumper cannot dump UPF related power signal ($power_tree): no ppiPowerNetwork.
324 *Verdi* : Begin traversing the scope (tb_latch), layer (0).
325 *Verdi* : End of traversing.
326 pliAppHDL_DumpVarComplete traverse var: profile - 
          CPU/Mem usage: 0.050 sys,  0.240 user,  409.71M mem
                   incr: 0.000 sys,  0.000 user,  5.04M mem
                   accu: 0.000 sys,  0.000 user,  5.04M mem
              accu incr: 0.000 sys,  0.000 user,  5.04M mem

          Count usage: 9 var,  5 idcode,  5 callback
                 incr: 9 var,  5 idcode,  5 callback
                 accu: 9 var,  5 idcode,  5 callback
            accu incr: 9 var,  5 idcode,  5 callback
327 Wed Mar 20 15:14:36 2024
328 pliAppHDL_DumpVarComplete: profile - 
          CPU/Mem usage: 0.050 sys,  0.240 user,  410.76M mem
                   incr: 0.000 sys,  0.000 user,  1.05M mem
                   accu: 0.000 sys,  0.000 user,  6.09M mem
              accu incr: 0.000 sys,  0.000 user,  1.05M mem

          Count usage: 9 var,  5 idcode,  5 callback
                 incr: 0 var,  0 idcode,  0 callback
                 accu: 9 var,  5 idcode,  5 callback
            accu incr: 0 var,  0 idcode,  0 callback
329 Wed Mar 20 15:14:36 2024
330 sps_call_fsdbDumpMDA_vd_main at 0 : /home/ICer/xilinx_prj/latch/vcs/srcs/tb_latch.sv(69)
331 *Verdi* : Begin traversing the MDAs, layer (0).
332 *Verdi* : Enable +mda and +packedmda dumping.
333 *Verdi* : End of traversing the MDAs.
334 pliAppHDL_DumpVarComplete traverse var: profile - 
          CPU/Mem usage: 0.050 sys,  0.240 user,  410.76M mem
                   incr: 0.000 sys,  0.000 user,  0.00M mem
                   accu: 0.000 sys,  0.000 user,  0.00M mem
              accu incr: 0.000 sys,  0.000 user,  0.00M mem

          Count usage: 18 var,  14 idcode,  6 callback
                 incr: 9 var,  9 idcode,  1 callback
                 accu: 9 var,  9 idcode,  1 callback
            accu incr: 9 var,  9 idcode,  1 callback
335 Wed Mar 20 15:14:36 2024
336 pliAppHDL_DumpVarComplete: profile - 
          CPU/Mem usage: 0.050 sys,  0.240 user,  410.76M mem
                   incr: 0.000 sys,  0.000 user,  0.00M mem
                   accu: 0.000 sys,  0.000 user,  0.00M mem
              accu incr: 0.000 sys,  0.000 user,  0.00M mem

          Count usage: 18 var,  14 idcode,  6 callback
                 incr: 0 var,  0 idcode,  0 callback
                 accu: 9 var,  9 idcode,  1 callback
            accu incr: 0 var,  0 idcode,  0 callback
337 Wed Mar 20 15:14:36 2024
338 End of simulation at 21800000
339 Wed Mar 20 15:14:36 2024
340 Begin FSDB profile info:
341 FSDB Writer : bc1(0) bcn(68) mtf/stf(0/0)
FSDB Writer elapsed time : flush(0.002216) io wait(0.000000) theadpool wait(0.000000) target functin(0.000000)
FSDB Writer cpu time : MT Compression : 0
342 End FSDB profile info
343 Parallel profile    -  Flush:4 Expand:0 ProduceWait:0 ConsumerWait:0 BlockUsed:0
344                        ProduceTime:0.300500706 ConsumerTime:0.000000000 Buffer:64MB
345 SimExit
346 Sim process exit
